[0.680s] DEBUG:colcon:Command line arguments: ['/usr/bin/colcon', 'build', '--packages-select', 'go_pupper_srv']
[0.680s] DEBUG:colcon:Parsed command line arguments: Namespace(log_base=None, log_level=None, verb_name='build', build_base='build', install_base='install', merge_install=False, symlink_install=False, test_result_base=None, continue_on_error=False, executor='parallel', parallel_workers=4, event_handlers=None, ignore_user_meta=False, metas=['./colcon.meta'], base_paths=['.'], packages_ignore=None, packages_ignore_regex=None, paths=None, packages_up_to=None, packages_up_to_regex=None, packages_above=None, packages_above_and_dependencies=None, packages_above_depth=None, packages_select_by_dep=None, packages_skip_by_dep=None, packages_skip_up_to=None, packages_select_build_failed=False, packages_skip_build_finished=False, packages_select_test_failures=False, packages_skip_test_passed=False, packages_select=['go_pupper_srv'], packages_skip=None, packages_select_regex=None, packages_skip_regex=None, packages_start=None, packages_end=None, allow_overriding=[], cmake_args=None, cmake_target=None, cmake_target_skip_unavailable=False, cmake_clean_cache=False, cmake_clean_first=False, cmake_force_configure=False, ament_cmake_args=None, catkin_cmake_args=None, catkin_skip_building_tests=False, verb_parser=<colcon_defaults.argument_parser.defaults.DefaultArgumentsDecorator object at 0xffffa74de4a0>, verb_extension=<colcon_core.verb.build.BuildVerb object at 0xffffa7494cd0>, main=<bound method BuildVerb.main of <colcon_core.verb.build.BuildVerb object at 0xffffa7494cd0>>)
[1.817s] Level 1:colcon.colcon_core.package_discovery:discover_packages(colcon_meta) check parameters
[1.818s] Level 1:colcon.colcon_core.package_discovery:discover_packages(recursive) check parameters
[1.818s] Level 1:colcon.colcon_core.package_discovery:discover_packages(ignore) check parameters
[1.818s] Level 1:colcon.colcon_core.package_discovery:discover_packages(path) check parameters
[1.818s] Level 1:colcon.colcon_core.package_discovery:discover_packages(colcon_meta) discover
[1.818s] Level 1:colcon.colcon_core.package_discovery:discover_packages(recursive) discover
[1.819s] INFO:colcon.colcon_core.package_discovery:Crawling recursively for packages in '/home/ubuntu/ros2_ws/src/go_pupper_srv/go_pupper_srv'
[1.819s] Level 1:colcon.colcon_core.package_identification:_identify(.) by extensions ['ignore', 'ignore_ament_install']
[1.820s] Level 1:colcon.colcon_core.package_identification:_identify(.) by extension 'ignore'
[1.820s] Level 1:colcon.colcon_core.package_identification:_identify(.) by extension 'ignore_ament_install'
[1.820s] Level 1:colcon.colcon_core.package_identification:_identify(.) by extensions ['colcon_pkg']
[1.820s] Level 1:colcon.colcon_core.package_identification:_identify(.) by extension 'colcon_pkg'
[1.820s] Level 1:colcon.colcon_core.package_identification:_identify(.) by extensions ['colcon_meta']
[1.821s] Level 1:colcon.colcon_core.package_identification:_identify(.) by extension 'colcon_meta'
[1.821s] Level 1:colcon.colcon_core.package_identification:_identify(.) by extensions ['ros']
[1.821s] Level 1:colcon.colcon_core.package_identification:_identify(.) by extension 'ros'
[1.910s] Level 1:colcon.colcon_core.package_identification:_identify(.) by extensions ['cmake', 'python']
[1.910s] Level 1:colcon.colcon_core.package_identification:_identify(.) by extension 'cmake'
[1.910s] Level 1:colcon.colcon_core.package_identification:_identify(.) by extension 'python'
[1.910s] Level 1:colcon.colcon_core.package_identification:_identify(.) by extensions ['python_setup_py']
[1.911s] Level 1:colcon.colcon_core.package_identification:_identify(.) by extension 'python_setup_py'
[1.911s] Level 1:colcon.colcon_core.package_identification:_identify(build) by extensions ['ignore', 'ignore_ament_install']
[1.912s] Level 1:colcon.colcon_core.package_identification:_identify(build) by extension 'ignore'
[1.912s] Level 1:colcon.colcon_core.package_identification:_identify(build) ignored
[1.913s] Level 1:colcon.colcon_core.package_identification:_identify(install) by extensions ['ignore', 'ignore_ament_install']
[1.913s] Level 1:colcon.colcon_core.package_identification:_identify(install) by extension 'ignore'
[1.913s] Level 1:colcon.colcon_core.package_identification:_identify(install) ignored
[1.914s] Level 1:colcon.colcon_core.package_identification:_identify(log) by extensions ['ignore', 'ignore_ament_install']
[1.914s] Level 1:colcon.colcon_core.package_identification:_identify(log) by extension 'ignore'
[1.914s] Level 1:colcon.colcon_core.package_identification:_identify(log) ignored
[1.914s] Level 1:colcon.colcon_core.package_discovery:discover_packages(recursive) using defaults
[1.915s] Level 1:colcon.colcon_core.package_discovery:discover_packages(ignore) discover
[1.915s] Level 1:colcon.colcon_core.package_discovery:discover_packages(ignore) using defaults
[1.915s] Level 1:colcon.colcon_core.package_discovery:discover_packages(path) discover
[1.915s] Level 1:colcon.colcon_core.package_discovery:discover_packages(path) using defaults
[1.916s] WARNING:colcon.colcon_core.package_selection:ignoring unknown package 'go_pupper_srv' in --packages-select
[2.027s] Level 1:colcon.colcon_core.package_discovery:discover_packages(prefix_path) check parameters
[2.027s] Level 1:colcon.colcon_core.package_discovery:discover_packages(prefix_path) discover
[2.045s] DEBUG:colcon.colcon_installed_package_information.package_discovery:Found 19 installed packages in /home/ubuntu/ros2_ws/install
[2.056s] DEBUG:colcon.colcon_installed_package_information.package_discovery:Found 275 installed packages in /opt/ros/humble
[2.064s] Level 1:colcon.colcon_core.package_discovery:discover_packages(prefix_path) using defaults
[2.262s] INFO:colcon.colcon_core.executor:Executing jobs using 'parallel' executor
[2.266s] DEBUG:colcon.colcon_parallel_executor.executor.parallel:run_until_complete
[2.267s] DEBUG:colcon.colcon_parallel_executor.executor.parallel:closing loop
[2.268s] DEBUG:colcon.colcon_parallel_executor.executor.parallel:loop closed
[2.268s] DEBUG:colcon.colcon_parallel_executor.executor.parallel:run_until_complete finished with '0'
[2.268s] DEBUG:colcon.colcon_core.event_reactor:joining thread
[2.296s] INFO:colcon.colcon_core.plugin_system:Skipping extension 'colcon_notification.desktop_notification.terminal_notifier': Not used on non-Darwin systems
[2.297s] INFO:colcon.colcon_core.plugin_system:Skipping extension 'colcon_notification.desktop_notification.win32': Not used on non-Windows systems
[2.297s] INFO:colcon.colcon_notification.desktop_notification:Sending desktop notification using 'notify2'
[2.366s] DEBUG:colcon.colcon_core.event_reactor:joined thread
[2.381s] INFO:colcon.colcon_core.plugin_system:Skipping extension 'colcon_core.shell.bat': Not used on non-Windows systems
[2.382s] INFO:colcon.colcon_core.shell:Creating prefix script '/home/ubuntu/ros2_ws/src/go_pupper_srv/go_pupper_srv/install/local_setup.ps1'
[2.387s] INFO:colcon.colcon_core.shell:Creating prefix util module '/home/ubuntu/ros2_ws/src/go_pupper_srv/go_pupper_srv/install/_local_setup_util_ps1.py'
[2.395s] INFO:colcon.colcon_core.shell:Creating prefix chain script '/home/ubuntu/ros2_ws/src/go_pupper_srv/go_pupper_srv/install/setup.ps1'
[2.408s] INFO:colcon.colcon_core.shell:Creating prefix script '/home/ubuntu/ros2_ws/src/go_pupper_srv/go_pupper_srv/install/local_setup.sh'
[2.412s] INFO:colcon.colcon_core.shell:Creating prefix util module '/home/ubuntu/ros2_ws/src/go_pupper_srv/go_pupper_srv/install/_local_setup_util_sh.py'
[2.415s] INFO:colcon.colcon_core.shell:Creating prefix chain script '/home/ubuntu/ros2_ws/src/go_pupper_srv/go_pupper_srv/install/setup.sh'
[2.428s] INFO:colcon.colcon_core.shell:Creating prefix script '/home/ubuntu/ros2_ws/src/go_pupper_srv/go_pupper_srv/install/local_setup.bash'
[2.431s] INFO:colcon.colcon_core.shell:Creating prefix chain script '/home/ubuntu/ros2_ws/src/go_pupper_srv/go_pupper_srv/install/setup.bash'
[2.442s] INFO:colcon.colcon_core.shell:Creating prefix script '/home/ubuntu/ros2_ws/src/go_pupper_srv/go_pupper_srv/install/local_setup.zsh'
[2.446s] INFO:colcon.colcon_core.shell:Creating prefix chain script '/home/ubuntu/ros2_ws/src/go_pupper_srv/go_pupper_srv/install/setup.zsh'
