-- The C compiler identification is GNU 11.4.0
-- The CXX compiler identification is GNU 11.4.0
-- Detecting C compiler ABI info
-- Detecting C compiler ABI info - done
-- Check for working C compiler: /usr/bin/cc - skipped
-- Detecting C compile features
-- Detecting C compile features - done
-- Detecting CXX compiler ABI info
-- Detecting CXX compiler ABI info - done
-- Check for working CXX compiler: /usr/bin/c++ - skipped
-- Detecting CXX compile features
-- Detecting CXX compile features - done
-- Found ament_cmake: 1.3.8 (/opt/ros/humble/share/ament_cmake/cmake)
-- Found Python3: /usr/bin/python3 (found version "3.10.12") found components: Interpreter 
-- Found rosidl_default_generators: 1.2.0 (/opt/ros/humble/share/rosidl_default_generators/cmake)
-- Using all available rosidl_typesupport_c: rosidl_typesupport_fastrtps_c;rosidl_typesupport_introspection_c
-- Found rosidl_adapter: 3.1.5 (/opt/ros/humble/share/rosidl_adapter/cmake)
-- Using all available rosidl_typesupport_cpp: rosidl_typesupport_fastrtps_cpp;rosidl_typesupport_introspection_cpp
-- Found geometry_msgs: 4.2.3 (/opt/ros/humble/share/geometry_msgs/cmake)
-- Found ament_cmake_ros: 0.10.0 (/opt/ros/humble/share/ament_cmake_ros/cmake)
-- Using all available rosidl_typesupport_c: rosidl_typesupport_fastrtps_c;rosidl_typesupport_introspection_c
-- Using all available rosidl_typesupport_cpp: rosidl_typesupport_fastrtps_cpp;rosidl_typesupport_introspection_cpp
-- Found PythonInterp: /usr/bin/python3 (found suitable version "3.10.12", minimum required is "3.6") 
-- Found python_cmake_module: 0.10.0 (/opt/ros/humble/share/python_cmake_module/cmake)
-- Found PythonLibs: /usr/lib/aarch64-linux-gnu/libpython3.10.so (found suitable version "3.10.12", minimum required is "3.5") 
-- Using PYTHON_EXECUTABLE: /usr/bin/python3
-- Using PYTHON_INCLUDE_DIRS: /usr/include/python3.10
-- Using PYTHON_LIBRARIES: /usr/lib/aarch64-linux-gnu/libpython3.10.so
-- Found PythonExtra: .so  
-- Found ament_lint_auto: 0.12.10 (/opt/ros/humble/share/ament_lint_auto/cmake)
-- Added test 'cppcheck' to perform static code analysis on C / C++ code
-- Configured cppcheck include dirs: $<BUILD_INTERFACE:/home/ubuntu/ros2_ws/src/pupper_interfaces/build/pupper_interfaces/rosidl_generator_c>;$<BUILD_INTERFACE:/home/ubuntu/ros2_ws/src/pupper_interfaces/build/pupper_interfaces/rosidl_typesupport_fastrtps_c>;$<BUILD_INTERFACE:/home/ubuntu/ros2_ws/src/pupper_interfaces/build/pupper_interfaces/rosidl_typesupport_introspection_c>;$<BUILD_INTERFACE:/home/ubuntu/ros2_ws/src/pupper_interfaces/build/pupper_interfaces/rosidl_generator_cpp>;$<BUILD_INTERFACE:/home/ubuntu/ros2_ws/src/pupper_interfaces/build/pupper_interfaces/rosidl_typesupport_fastrtps_cpp>;$<BUILD_INTERFACE:/home/ubuntu/ros2_ws/src/pupper_interfaces/build/pupper_interfaces/rosidl_typesupport_introspection_cpp>;/home/ubuntu/ros2_ws/src/pupper_interfaces/build/pupper_interfaces/rosidl_generator_c;/home/ubuntu/ros2_ws/src/pupper_interfaces/build/pupper_interfaces/rosidl_generator_py
-- Configured cppcheck exclude dirs and/or files: 
-- Added test 'flake8' to check Python code syntax and style conventions
-- Added test 'lint_cmake' to check CMake code style
-- Added test 'pep257' to check Python code against some of the docstring style conventions in PEP 257
-- Added test 'uncrustify' to check C / C++ code style
-- Configured uncrustify additional arguments: 
-- Added test 'xmllint' to check XML markup files
-- Configuring done
-- Generating done
-- Build files have been written to: /home/ubuntu/ros2_ws/src/pupper_interfaces/build/pupper_interfaces
[  1%] [34m[1mGenerating C code for ROS interfaces[0m
[  2%] [34m[1mGenerating C++ code for ROS interfaces[0m
[  2%] Built target ament_cmake_python_copy_pupper_interfaces
running egg_info
creating pupper_interfaces.egg-info
writing pupper_interfaces.egg-info/PKG-INFO
writing dependency_links to pupper_interfaces.egg-info/dependency_links.txt
writing top-level names to pupper_interfaces.egg-info/top_level.txt
writing manifest file 'pupper_interfaces.egg-info/SOURCES.txt'
reading manifest file 'pupper_interfaces.egg-info/SOURCES.txt'
writing manifest file 'pupper_interfaces.egg-info/SOURCES.txt'
[  2%] Built target ament_cmake_python_build_pupper_interfaces_egg
[  2%] Built target pupper_interfaces__cpp
[  3%] [34m[1mGenerating C++ type support dispatch for ROS interfaces[0m
[  4%] [34m[1mGenerating C++ introspection for ROS interfaces[0m
[  5%] [34m[1mGenerating C++ type support for eProsima Fast-RTPS[0m
[  6%] [32mBuilding C object CMakeFiles/pupper_interfaces__rosidl_generator_c.dir/rosidl_generator_c/pupper_interfaces/msg/detail/command__functions.c.o[0m
[  7%] [32mBuilding C object CMakeFiles/pupper_interfaces__rosidl_generator_c.dir/rosidl_generator_c/pupper_interfaces/msg/detail/distraction_event__functions.c.o[0m
[  8%] [32mBuilding C object CMakeFiles/pupper_interfaces__rosidl_generator_c.dir/rosidl_generator_c/pupper_interfaces/msg/detail/touch_event__functions.c.o[0m
[  9%] [32mBuilding C object CMakeFiles/pupper_interfaces__rosidl_generator_c.dir/rosidl_generator_c/pupper_interfaces/srv/detail/go_pupper__functions.c.o[0m
[ 10%] [32mBuilding CXX object CMakeFiles/pupper_interfaces__rosidl_typesupport_cpp.dir/rosidl_typesupport_cpp/pupper_interfaces/msg/command__type_support.cpp.o[0m
[ 11%] [32mBuilding C object CMakeFiles/pupper_interfaces__rosidl_generator_c.dir/rosidl_generator_c/pupper_interfaces/srv/detail/touch_pupper__functions.c.o[0m
[ 12%] [32mBuilding CXX object CMakeFiles/pupper_interfaces__rosidl_typesupport_fastrtps_cpp.dir/rosidl_typesupport_fastrtps_cpp/pupper_interfaces/msg/detail/dds_fastrtps/command__type_support.cpp.o[0m
[ 13%] [32mBuilding CXX object CMakeFiles/pupper_interfaces__rosidl_typesupport_introspection_cpp.dir/rosidl_typesupport_introspection_cpp/pupper_interfaces/msg/detail/command__type_support.cpp.o[0m
[ 14%] [32mBuilding C object CMakeFiles/pupper_interfaces__rosidl_generator_c.dir/rosidl_generator_c/pupper_interfaces/srv/detail/camera_pupper__functions.c.o[0m
[ 15%] [32mBuilding CXX object CMakeFiles/pupper_interfaces__rosidl_typesupport_cpp.dir/rosidl_typesupport_cpp/pupper_interfaces/msg/distraction_event__type_support.cpp.o[0m
[ 16%] [32mBuilding C object CMakeFiles/pupper_interfaces__rosidl_generator_c.dir/rosidl_generator_c/pupper_interfaces/srv/detail/play_music__functions.c.o[0m
[ 17%] [32mBuilding C object CMakeFiles/pupper_interfaces__rosidl_generator_c.dir/rosidl_generator_c/pupper_interfaces/srv/detail/stop_music__functions.c.o[0m
[ 18%] [32mBuilding C object CMakeFiles/pupper_interfaces__rosidl_generator_c.dir/rosidl_generator_c/pupper_interfaces/srv/detail/state_manager_command__functions.c.o[0m
[ 20%] [32m[1mLinking C shared library libpupper_interfaces__rosidl_generator_c.so[0m
[ 20%] Built target pupper_interfaces__rosidl_generator_c
[ 21%] [32mBuilding CXX object CMakeFiles/pupper_interfaces__rosidl_typesupport_introspection_cpp.dir/rosidl_typesupport_introspection_cpp/pupper_interfaces/msg/detail/distraction_event__type_support.cpp.o[0m
[ 22%] [32mBuilding CXX object CMakeFiles/pupper_interfaces__rosidl_typesupport_cpp.dir/rosidl_typesupport_cpp/pupper_interfaces/msg/touch_event__type_support.cpp.o[0m
[ 23%] [32mBuilding CXX object CMakeFiles/pupper_interfaces__rosidl_typesupport_fastrtps_cpp.dir/rosidl_typesupport_fastrtps_cpp/pupper_interfaces/msg/detail/dds_fastrtps/distraction_event__type_support.cpp.o[0m
[ 24%] [32mBuilding CXX object CMakeFiles/pupper_interfaces__rosidl_typesupport_cpp.dir/rosidl_typesupport_cpp/pupper_interfaces/srv/go_pupper__type_support.cpp.o[0m
[ 25%] [32mBuilding CXX object CMakeFiles/pupper_interfaces__rosidl_typesupport_introspection_cpp.dir/rosidl_typesupport_introspection_cpp/pupper_interfaces/msg/detail/touch_event__type_support.cpp.o[0m
[ 26%] [32mBuilding CXX object CMakeFiles/pupper_interfaces__rosidl_typesupport_cpp.dir/rosidl_typesupport_cpp/pupper_interfaces/srv/touch_pupper__type_support.cpp.o[0m
[ 27%] [32mBuilding CXX object CMakeFiles/pupper_interfaces__rosidl_typesupport_fastrtps_cpp.dir/rosidl_typesupport_fastrtps_cpp/pupper_interfaces/msg/detail/dds_fastrtps/touch_event__type_support.cpp.o[0m
[ 28%] [32mBuilding CXX object CMakeFiles/pupper_interfaces__rosidl_typesupport_fastrtps_cpp.dir/rosidl_typesupport_fastrtps_cpp/pupper_interfaces/srv/detail/dds_fastrtps/go_pupper__type_support.cpp.o[0m
[ 29%] [32mBuilding CXX object CMakeFiles/pupper_interfaces__rosidl_typesupport_cpp.dir/rosidl_typesupport_cpp/pupper_interfaces/srv/camera_pupper__type_support.cpp.o[0m
[ 30%] [32mBuilding CXX object CMakeFiles/pupper_interfaces__rosidl_typesupport_fastrtps_cpp.dir/rosidl_typesupport_fastrtps_cpp/pupper_interfaces/srv/detail/dds_fastrtps/touch_pupper__type_support.cpp.o[0m
[ 31%] [32mBuilding CXX object CMakeFiles/pupper_interfaces__rosidl_typesupport_introspection_cpp.dir/rosidl_typesupport_introspection_cpp/pupper_interfaces/srv/detail/go_pupper__type_support.cpp.o[0m
[ 32%] [32mBuilding CXX object CMakeFiles/pupper_interfaces__rosidl_typesupport_cpp.dir/rosidl_typesupport_cpp/pupper_interfaces/srv/play_music__type_support.cpp.o[0m
[ 33%] [34m[1mGenerating C type support for eProsima Fast-RTPS[0m
[ 34%] [32mBuilding CXX object CMakeFiles/pupper_interfaces__rosidl_typesupport_introspection_cpp.dir/rosidl_typesupport_introspection_cpp/pupper_interfaces/srv/detail/touch_pupper__type_support.cpp.o[0m
[ 35%] [32mBuilding CXX object CMakeFiles/pupper_interfaces__rosidl_typesupport_cpp.dir/rosidl_typesupport_cpp/pupper_interfaces/srv/stop_music__type_support.cpp.o[0m
[ 36%] [32mBuilding CXX object CMakeFiles/pupper_interfaces__rosidl_typesupport_fastrtps_cpp.dir/rosidl_typesupport_fastrtps_cpp/pupper_interfaces/srv/detail/dds_fastrtps/camera_pupper__type_support.cpp.o[0m
[ 37%] [32mBuilding CXX object CMakeFiles/pupper_interfaces__rosidl_typesupport_introspection_cpp.dir/rosidl_typesupport_introspection_cpp/pupper_interfaces/srv/detail/camera_pupper__type_support.cpp.o[0m
[ 38%] [32mBuilding CXX object CMakeFiles/pupper_interfaces__rosidl_typesupport_cpp.dir/rosidl_typesupport_cpp/pupper_interfaces/srv/state_manager_command__type_support.cpp.o[0m
[ 40%] [32mBuilding CXX object CMakeFiles/pupper_interfaces__rosidl_typesupport_fastrtps_c.dir/rosidl_typesupport_fastrtps_c/pupper_interfaces/msg/detail/command__type_support_c.cpp.o[0m
[ 41%] [32mBuilding CXX object CMakeFiles/pupper_interfaces__rosidl_typesupport_fastrtps_cpp.dir/rosidl_typesupport_fastrtps_cpp/pupper_interfaces/srv/detail/dds_fastrtps/play_music__type_support.cpp.o[0m
[ 42%] [32m[1mLinking CXX shared library libpupper_interfaces__rosidl_typesupport_cpp.so[0m
[ 43%] [32mBuilding CXX object CMakeFiles/pupper_interfaces__rosidl_typesupport_fastrtps_c.dir/rosidl_typesupport_fastrtps_c/pupper_interfaces/msg/detail/distraction_event__type_support_c.cpp.o[0m
[ 43%] Built target pupper_interfaces__rosidl_typesupport_cpp
[ 44%] [32mBuilding CXX object CMakeFiles/pupper_interfaces__rosidl_typesupport_fastrtps_c.dir/rosidl_typesupport_fastrtps_c/pupper_interfaces/msg/detail/touch_event__type_support_c.cpp.o[0m
[ 45%] [32mBuilding CXX object CMakeFiles/pupper_interfaces__rosidl_typesupport_introspection_cpp.dir/rosidl_typesupport_introspection_cpp/pupper_interfaces/srv/detail/play_music__type_support.cpp.o[0m
[ 46%] [32mBuilding CXX object CMakeFiles/pupper_interfaces__rosidl_typesupport_fastrtps_cpp.dir/rosidl_typesupport_fastrtps_cpp/pupper_interfaces/srv/detail/dds_fastrtps/stop_music__type_support.cpp.o[0m
[ 47%] [32mBuilding CXX object CMakeFiles/pupper_interfaces__rosidl_typesupport_introspection_cpp.dir/rosidl_typesupport_introspection_cpp/pupper_interfaces/srv/detail/stop_music__type_support.cpp.o[0m
[ 48%] [32mBuilding CXX object CMakeFiles/pupper_interfaces__rosidl_typesupport_fastrtps_c.dir/rosidl_typesupport_fastrtps_c/pupper_interfaces/srv/detail/go_pupper__type_support_c.cpp.o[0m
[ 49%] [32mBuilding CXX object CMakeFiles/pupper_interfaces__rosidl_typesupport_fastrtps_c.dir/rosidl_typesupport_fastrtps_c/pupper_interfaces/srv/detail/touch_pupper__type_support_c.cpp.o[0m
[ 50%] [32mBuilding CXX object CMakeFiles/pupper_interfaces__rosidl_typesupport_introspection_cpp.dir/rosidl_typesupport_introspection_cpp/pupper_interfaces/srv/detail/state_manager_command__type_support.cpp.o[0m
[ 51%] [32mBuilding CXX object CMakeFiles/pupper_interfaces__rosidl_typesupport_fastrtps_c.dir/rosidl_typesupport_fastrtps_c/pupper_interfaces/srv/detail/camera_pupper__type_support_c.cpp.o[0m
[ 52%] [32mBuilding CXX object CMakeFiles/pupper_interfaces__rosidl_typesupport_fastrtps_cpp.dir/rosidl_typesupport_fastrtps_cpp/pupper_interfaces/srv/detail/dds_fastrtps/state_manager_command__type_support.cpp.o[0m
[ 53%] [34m[1mGenerating C introspection for ROS interfaces[0m
[ 54%] [32m[1mLinking CXX shared library libpupper_interfaces__rosidl_typesupport_fastrtps_cpp.so[0m
[ 55%] [32m[1mLinking CXX shared library libpupper_interfaces__rosidl_typesupport_introspection_cpp.so[0m
[ 55%] Built target pupper_interfaces__rosidl_typesupport_fastrtps_cpp
[ 56%] [32mBuilding CXX object CMakeFiles/pupper_interfaces__rosidl_typesupport_fastrtps_c.dir/rosidl_typesupport_fastrtps_c/pupper_interfaces/srv/detail/play_music__type_support_c.cpp.o[0m
[ 57%] [32mBuilding CXX object CMakeFiles/pupper_interfaces__rosidl_typesupport_fastrtps_c.dir/rosidl_typesupport_fastrtps_c/pupper_interfaces/srv/detail/stop_music__type_support_c.cpp.o[0m
[ 57%] Built target pupper_interfaces__rosidl_typesupport_introspection_cpp
[ 58%] [32mBuilding CXX object CMakeFiles/pupper_interfaces__rosidl_typesupport_fastrtps_c.dir/rosidl_typesupport_fastrtps_c/pupper_interfaces/srv/detail/state_manager_command__type_support_c.cpp.o[0m
[ 60%] [32mBuilding C object CMakeFiles/pupper_interfaces__rosidl_typesupport_introspection_c.dir/rosidl_typesupport_introspection_c/pupper_interfaces/msg/detail/command__type_support.c.o[0m
[ 61%] [32mBuilding C object CMakeFiles/pupper_interfaces__rosidl_typesupport_introspection_c.dir/rosidl_typesupport_introspection_c/pupper_interfaces/msg/detail/distraction_event__type_support.c.o[0m
[ 62%] [32mBuilding C object CMakeFiles/pupper_interfaces__rosidl_typesupport_introspection_c.dir/rosidl_typesupport_introspection_c/pupper_interfaces/msg/detail/touch_event__type_support.c.o[0m
[ 63%] [32mBuilding C object CMakeFiles/pupper_interfaces__rosidl_typesupport_introspection_c.dir/rosidl_typesupport_introspection_c/pupper_interfaces/srv/detail/go_pupper__type_support.c.o[0m
[ 64%] [32mBuilding C object CMakeFiles/pupper_interfaces__rosidl_typesupport_introspection_c.dir/rosidl_typesupport_introspection_c/pupper_interfaces/srv/detail/touch_pupper__type_support.c.o[0m
[ 65%] [32mBuilding C object CMakeFiles/pupper_interfaces__rosidl_typesupport_introspection_c.dir/rosidl_typesupport_introspection_c/pupper_interfaces/srv/detail/camera_pupper__type_support.c.o[0m
[ 66%] [32mBuilding C object CMakeFiles/pupper_interfaces__rosidl_typesupport_introspection_c.dir/rosidl_typesupport_introspection_c/pupper_interfaces/srv/detail/play_music__type_support.c.o[0m
[ 67%] [32mBuilding C object CMakeFiles/pupper_interfaces__rosidl_typesupport_introspection_c.dir/rosidl_typesupport_introspection_c/pupper_interfaces/srv/detail/stop_music__type_support.c.o[0m
[ 68%] [32mBuilding C object CMakeFiles/pupper_interfaces__rosidl_typesupport_introspection_c.dir/rosidl_typesupport_introspection_c/pupper_interfaces/srv/detail/state_manager_command__type_support.c.o[0m
[ 69%] [32m[1mLinking CXX shared library libpupper_interfaces__rosidl_typesupport_fastrtps_c.so[0m
[ 70%] [34m[1mGenerating C type support dispatch for ROS interfaces[0m
[ 71%] [32m[1mLinking C shared library libpupper_interfaces__rosidl_typesupport_introspection_c.so[0m
[ 71%] Built target pupper_interfaces__rosidl_typesupport_introspection_c
[ 71%] Built target pupper_interfaces__rosidl_typesupport_fastrtps_c
[ 72%] [32mBuilding CXX object CMakeFiles/pupper_interfaces__rosidl_typesupport_c.dir/rosidl_typesupport_c/pupper_interfaces/msg/distraction_event__type_support.cpp.o[0m
[ 74%] [32mBuilding CXX object CMakeFiles/pupper_interfaces__rosidl_typesupport_c.dir/rosidl_typesupport_c/pupper_interfaces/msg/command__type_support.cpp.o[0m
[ 74%] [32mBuilding CXX object CMakeFiles/pupper_interfaces__rosidl_typesupport_c.dir/rosidl_typesupport_c/pupper_interfaces/srv/go_pupper__type_support.cpp.o[0m
[ 75%] [32mBuilding CXX object CMakeFiles/pupper_interfaces__rosidl_typesupport_c.dir/rosidl_typesupport_c/pupper_interfaces/msg/touch_event__type_support.cpp.o[0m
[ 76%] [32mBuilding CXX object CMakeFiles/pupper_interfaces__rosidl_typesupport_c.dir/rosidl_typesupport_c/pupper_interfaces/srv/touch_pupper__type_support.cpp.o[0m
[ 77%] [32mBuilding CXX object CMakeFiles/pupper_interfaces__rosidl_typesupport_c.dir/rosidl_typesupport_c/pupper_interfaces/srv/camera_pupper__type_support.cpp.o[0m
[ 78%] [32mBuilding CXX object CMakeFiles/pupper_interfaces__rosidl_typesupport_c.dir/rosidl_typesupport_c/pupper_interfaces/srv/play_music__type_support.cpp.o[0m
[ 80%] [32mBuilding CXX object CMakeFiles/pupper_interfaces__rosidl_typesupport_c.dir/rosidl_typesupport_c/pupper_interfaces/srv/stop_music__type_support.cpp.o[0m
[ 81%] [32mBuilding CXX object CMakeFiles/pupper_interfaces__rosidl_typesupport_c.dir/rosidl_typesupport_c/pupper_interfaces/srv/state_manager_command__type_support.cpp.o[0m
[ 82%] [32m[1mLinking CXX shared library libpupper_interfaces__rosidl_typesupport_c.so[0m
[ 82%] Built target pupper_interfaces__rosidl_typesupport_c
[ 82%] Built target pupper_interfaces
[ 83%] [34m[1mGenerating Python code for ROS interfaces[0m
[ 83%] Built target pupper_interfaces__py
[ 84%] [32mBuilding C object CMakeFiles/pupper_interfaces__rosidl_generator_py.dir/rosidl_generator_py/pupper_interfaces/msg/_command_s.c.o[0m
[ 85%] [32mBuilding C object CMakeFiles/pupper_interfaces__rosidl_generator_py.dir/rosidl_generator_py/pupper_interfaces/msg/_touch_event_s.c.o[0m
[ 86%] [32mBuilding C object CMakeFiles/pupper_interfaces__rosidl_generator_py.dir/rosidl_generator_py/pupper_interfaces/srv/_go_pupper_s.c.o[0m
[ 87%] [32mBuilding C object CMakeFiles/pupper_interfaces__rosidl_generator_py.dir/rosidl_generator_py/pupper_interfaces/msg/_distraction_event_s.c.o[0m
[ 88%] [32mBuilding C object CMakeFiles/pupper_interfaces__rosidl_generator_py.dir/rosidl_generator_py/pupper_interfaces/srv/_touch_pupper_s.c.o[0m
[ 89%] [32mBuilding C object CMakeFiles/pupper_interfaces__rosidl_generator_py.dir/rosidl_generator_py/pupper_interfaces/srv/_camera_pupper_s.c.o[0m
[ 90%] [32mBuilding C object CMakeFiles/pupper_interfaces__rosidl_generator_py.dir/rosidl_generator_py/pupper_interfaces/srv/_play_music_s.c.o[0m
[ 91%] [32mBuilding C object CMakeFiles/pupper_interfaces__rosidl_generator_py.dir/rosidl_generator_py/pupper_interfaces/srv/_stop_music_s.c.o[0m
[ 92%] [32mBuilding C object CMakeFiles/pupper_interfaces__rosidl_generator_py.dir/rosidl_generator_py/pupper_interfaces/srv/_state_manager_command_s.c.o[0m
[ 93%] [32m[1mLinking C shared library rosidl_generator_py/pupper_interfaces/libpupper_interfaces__rosidl_generator_py.so[0m
[ 93%] Built target pupper_interfaces__rosidl_generator_py
[ 94%] [32mBuilding C object CMakeFiles/pupper_interfaces__rosidl_typesupport_fastrtps_c__pyext.dir/rosidl_generator_py/pupper_interfaces/_pupper_interfaces_s.ep.rosidl_typesupport_fastrtps_c.c.o[0m
[ 95%] [32mBuilding C object CMakeFiles/pupper_interfaces__rosidl_typesupport_introspection_c__pyext.dir/rosidl_generator_py/pupper_interfaces/_pupper_interfaces_s.ep.rosidl_typesupport_introspection_c.c.o[0m
[ 96%] [32mBuilding C object CMakeFiles/pupper_interfaces__rosidl_typesupport_c__pyext.dir/rosidl_generator_py/pupper_interfaces/_pupper_interfaces_s.ep.rosidl_typesupport_c.c.o[0m
[ 98%] [32m[1mLinking C shared library rosidl_generator_py/pupper_interfaces/pupper_interfaces_s__rosidl_typesupport_fastrtps_c.cpython-310-aarch64-linux-gnu.so[0m
[ 98%] [32m[1mLinking C shared library rosidl_generator_py/pupper_interfaces/pupper_interfaces_s__rosidl_typesupport_introspection_c.cpython-310-aarch64-linux-gnu.so[0m
[ 98%] Built target pupper_interfaces__rosidl_typesupport_introspection_c__pyext
[ 98%] Built target pupper_interfaces__rosidl_typesupport_fastrtps_c__pyext
[100%] [32m[1mLinking C shared library rosidl_generator_py/pupper_interfaces/pupper_interfaces_s__rosidl_typesupport_c.cpython-310-aarch64-linux-gnu.so[0m
[100%] Built target pupper_interfaces__rosidl_typesupport_c__pyext
-- Install configuration: ""
-- Installing: /home/ubuntu/ros2_ws/src/pupper_interfaces/install/pupper_interfaces/share/ament_index/resource_index/rosidl_interfaces/pupper_interfaces
-- Installing: /home/ubuntu/ros2_ws/src/pupper_interfaces/install/pupper_interfaces/include/pupper_interfaces/pupper_interfaces
-- Installing: /home/ubuntu/ros2_ws/src/pupper_interfaces/install/pupper_interfaces/include/pupper_interfaces/pupper_interfaces/srv
-- Installing: /home/ubuntu/ros2_ws/src/pupper_interfaces/install/pupper_interfaces/include/pupper_interfaces/pupper_interfaces/srv/go_pupper.h
-- Installing: /home/ubuntu/ros2_ws/src/pupper_interfaces/install/pupper_interfaces/include/pupper_interfaces/pupper_interfaces/srv/touch_pupper.h
-- Installing: /home/ubuntu/ros2_ws/src/pupper_interfaces/install/pupper_interfaces/include/pupper_interfaces/pupper_interfaces/srv/state_manager_command.h
-- Installing: /home/ubuntu/ros2_ws/src/pupper_interfaces/install/pupper_interfaces/include/pupper_interfaces/pupper_interfaces/srv/stop_music.h
-- Installing: /home/ubuntu/ros2_ws/src/pupper_interfaces/install/pupper_interfaces/include/pupper_interfaces/pupper_interfaces/srv/play_music.h
-- Installing: /home/ubuntu/ros2_ws/src/pupper_interfaces/install/pupper_interfaces/include/pupper_interfaces/pupper_interfaces/srv/detail
-- Installing: /home/ubuntu/ros2_ws/src/pupper_interfaces/install/pupper_interfaces/include/pupper_interfaces/pupper_interfaces/srv/detail/go_pupper__functions.h
-- Installing: /home/ubuntu/ros2_ws/src/pupper_interfaces/install/pupper_interfaces/include/pupper_interfaces/pupper_interfaces/srv/detail/play_music__type_support.h
-- Installing: /home/ubuntu/ros2_ws/src/pupper_interfaces/install/pupper_interfaces/include/pupper_interfaces/pupper_interfaces/srv/detail/state_manager_command__type_support.h
-- Installing: /home/ubuntu/ros2_ws/src/pupper_interfaces/install/pupper_interfaces/include/pupper_interfaces/pupper_interfaces/srv/detail/play_music__struct.h
-- Installing: /home/ubuntu/ros2_ws/src/pupper_interfaces/install/pupper_interfaces/include/pupper_interfaces/pupper_interfaces/srv/detail/go_pupper__functions.c
-- Installing: /home/ubuntu/ros2_ws/src/pupper_interfaces/install/pupper_interfaces/include/pupper_interfaces/pupper_interfaces/srv/detail/camera_pupper__functions.c
-- Installing: /home/ubuntu/ros2_ws/src/pupper_interfaces/install/pupper_interfaces/include/pupper_interfaces/pupper_interfaces/srv/detail/stop_music__functions.h
-- Installing: /home/ubuntu/ros2_ws/src/pupper_interfaces/install/pupper_interfaces/include/pupper_interfaces/pupper_interfaces/srv/detail/stop_music__struct.h
-- Installing: /home/ubuntu/ros2_ws/src/pupper_interfaces/install/pupper_interfaces/include/pupper_interfaces/pupper_interfaces/srv/detail/touch_pupper__functions.c
-- Installing: /home/ubuntu/ros2_ws/src/pupper_interfaces/install/pupper_interfaces/include/pupper_interfaces/pupper_interfaces/srv/detail/state_manager_command__functions.c
-- Installing: /home/ubuntu/ros2_ws/src/pupper_interfaces/install/pupper_interfaces/include/pupper_interfaces/pupper_interfaces/srv/detail/stop_music__type_support.h
-- Installing: /home/ubuntu/ros2_ws/src/pupper_interfaces/install/pupper_interfaces/include/pupper_interfaces/pupper_interfaces/srv/detail/go_pupper__type_support.h
-- Installing: /home/ubuntu/ros2_ws/src/pupper_interfaces/install/pupper_interfaces/include/pupper_interfaces/pupper_interfaces/srv/detail/camera_pupper__struct.h
-- Installing: /home/ubuntu/ros2_ws/src/pupper_interfaces/install/pupper_interfaces/include/pupper_interfaces/pupper_interfaces/srv/detail/touch_pupper__struct.h
-- Installing: /home/ubuntu/ros2_ws/src/pupper_interfaces/install/pupper_interfaces/include/pupper_interfaces/pupper_interfaces/srv/detail/camera_pupper__type_support.h
-- Installing: /home/ubuntu/ros2_ws/src/pupper_interfaces/install/pupper_interfaces/include/pupper_interfaces/pupper_interfaces/srv/detail/state_manager_command__struct.h
-- Installing: /home/ubuntu/ros2_ws/src/pupper_interfaces/install/pupper_interfaces/include/pupper_interfaces/pupper_interfaces/srv/detail/touch_pupper__functions.h
-- Installing: /home/ubuntu/ros2_ws/src/pupper_interfaces/install/pupper_interfaces/include/pupper_interfaces/pupper_interfaces/srv/detail/stop_music__functions.c
-- Installing: /home/ubuntu/ros2_ws/src/pupper_interfaces/install/pupper_interfaces/include/pupper_interfaces/pupper_interfaces/srv/detail/state_manager_command__functions.h
-- Installing: /home/ubuntu/ros2_ws/src/pupper_interfaces/install/pupper_interfaces/include/pupper_interfaces/pupper_interfaces/srv/detail/touch_pupper__type_support.h
-- Installing: /home/ubuntu/ros2_ws/src/pupper_interfaces/install/pupper_interfaces/include/pupper_interfaces/pupper_interfaces/srv/detail/play_music__functions.h
-- Installing: /home/ubuntu/ros2_ws/src/pupper_interfaces/install/pupper_interfaces/include/pupper_interfaces/pupper_interfaces/srv/detail/play_music__functions.c
-- Installing: /home/ubuntu/ros2_ws/src/pupper_interfaces/install/pupper_interfaces/include/pupper_interfaces/pupper_interfaces/srv/detail/go_pupper__struct.h
-- Installing: /home/ubuntu/ros2_ws/src/pupper_interfaces/install/pupper_interfaces/include/pupper_interfaces/pupper_interfaces/srv/detail/camera_pupper__functions.h
-- Installing: /home/ubuntu/ros2_ws/src/pupper_interfaces/install/pupper_interfaces/include/pupper_interfaces/pupper_interfaces/srv/camera_pupper.h
-- Installing: /home/ubuntu/ros2_ws/src/pupper_interfaces/install/pupper_interfaces/include/pupper_interfaces/pupper_interfaces/msg
-- Installing: /home/ubuntu/ros2_ws/src/pupper_interfaces/install/pupper_interfaces/include/pupper_interfaces/pupper_interfaces/msg/touch_event.h
-- Installing: /home/ubuntu/ros2_ws/src/pupper_interfaces/install/pupper_interfaces/include/pupper_interfaces/pupper_interfaces/msg/command.h
-- Installing: /home/ubuntu/ros2_ws/src/pupper_interfaces/install/pupper_interfaces/include/pupper_interfaces/pupper_interfaces/msg/distraction_event.h
-- Installing: /home/ubuntu/ros2_ws/src/pupper_interfaces/install/pupper_interfaces/include/pupper_interfaces/pupper_interfaces/msg/detail
-- Installing: /home/ubuntu/ros2_ws/src/pupper_interfaces/install/pupper_interfaces/include/pupper_interfaces/pupper_interfaces/msg/detail/touch_event__functions.c
-- Installing: /home/ubuntu/ros2_ws/src/pupper_interfaces/install/pupper_interfaces/include/pupper_interfaces/pupper_interfaces/msg/detail/command__struct.h
-- Installing: /home/ubuntu/ros2_ws/src/pupper_interfaces/install/pupper_interfaces/include/pupper_interfaces/pupper_interfaces/msg/detail/touch_event__functions.h
-- Installing: /home/ubuntu/ros2_ws/src/pupper_interfaces/install/pupper_interfaces/include/pupper_interfaces/pupper_interfaces/msg/detail/command__functions.c
-- Installing: /home/ubuntu/ros2_ws/src/pupper_interfaces/install/pupper_interfaces/include/pupper_interfaces/pupper_interfaces/msg/detail/command__functions.h
-- Installing: /home/ubuntu/ros2_ws/src/pupper_interfaces/install/pupper_interfaces/include/pupper_interfaces/pupper_interfaces/msg/detail/touch_event__type_support.h
-- Installing: /home/ubuntu/ros2_ws/src/pupper_interfaces/install/pupper_interfaces/include/pupper_interfaces/pupper_interfaces/msg/detail/command__type_support.h
-- Installing: /home/ubuntu/ros2_ws/src/pupper_interfaces/install/pupper_interfaces/include/pupper_interfaces/pupper_interfaces/msg/detail/touch_event__struct.h
-- Installing: /home/ubuntu/ros2_ws/src/pupper_interfaces/install/pupper_interfaces/include/pupper_interfaces/pupper_interfaces/msg/detail/distraction_event__type_support.h
-- Installing: /home/ubuntu/ros2_ws/src/pupper_interfaces/install/pupper_interfaces/include/pupper_interfaces/pupper_interfaces/msg/detail/distraction_event__functions.c
-- Installing: /home/ubuntu/ros2_ws/src/pupper_interfaces/install/pupper_interfaces/include/pupper_interfaces/pupper_interfaces/msg/detail/distraction_event__struct.h
-- Installing: /home/ubuntu/ros2_ws/src/pupper_interfaces/install/pupper_interfaces/include/pupper_interfaces/pupper_interfaces/msg/detail/distraction_event__functions.h
-- Installing: /home/ubuntu/ros2_ws/src/pupper_interfaces/install/pupper_interfaces/include/pupper_interfaces/pupper_interfaces/msg/rosidl_generator_c__visibility_control.h
-- Installing: /home/ubuntu/ros2_ws/src/pupper_interfaces/install/pupper_interfaces/share/pupper_interfaces/environment/library_path.sh
-- Installing: /home/ubuntu/ros2_ws/src/pupper_interfaces/install/pupper_interfaces/share/pupper_interfaces/environment/library_path.dsv
-- Installing: /home/ubuntu/ros2_ws/src/pupper_interfaces/install/pupper_interfaces/lib/libpupper_interfaces__rosidl_generator_c.so
-- Set runtime path of "/home/ubuntu/ros2_ws/src/pupper_interfaces/install/pupper_interfaces/lib/libpupper_interfaces__rosidl_generator_c.so" to ""
-- Up-to-date: /home/ubuntu/ros2_ws/src/pupper_interfaces/install/pupper_interfaces/include/pupper_interfaces/pupper_interfaces
-- Up-to-date: /home/ubuntu/ros2_ws/src/pupper_interfaces/install/pupper_interfaces/include/pupper_interfaces/pupper_interfaces/srv
-- Up-to-date: /home/ubuntu/ros2_ws/src/pupper_interfaces/install/pupper_interfaces/include/pupper_interfaces/pupper_interfaces/srv/detail
-- Installing: /home/ubuntu/ros2_ws/src/pupper_interfaces/install/pupper_interfaces/include/pupper_interfaces/pupper_interfaces/srv/detail/camera_pupper__rosidl_typesupport_fastrtps_c.h
-- Installing: /home/ubuntu/ros2_ws/src/pupper_interfaces/install/pupper_interfaces/include/pupper_interfaces/pupper_interfaces/srv/detail/stop_music__rosidl_typesupport_fastrtps_c.h
-- Installing: /home/ubuntu/ros2_ws/src/pupper_interfaces/install/pupper_interfaces/include/pupper_interfaces/pupper_interfaces/srv/detail/state_manager_command__rosidl_typesupport_fastrtps_c.h
-- Installing: /home/ubuntu/ros2_ws/src/pupper_interfaces/install/pupper_interfaces/include/pupper_interfaces/pupper_interfaces/srv/detail/go_pupper__rosidl_typesupport_fastrtps_c.h
-- Installing: /home/ubuntu/ros2_ws/src/pupper_interfaces/install/pupper_interfaces/include/pupper_interfaces/pupper_interfaces/srv/detail/play_music__rosidl_typesupport_fastrtps_c.h
-- Installing: /home/ubuntu/ros2_ws/src/pupper_interfaces/install/pupper_interfaces/include/pupper_interfaces/pupper_interfaces/srv/detail/touch_pupper__rosidl_typesupport_fastrtps_c.h
-- Up-to-date: /home/ubuntu/ros2_ws/src/pupper_interfaces/install/pupper_interfaces/include/pupper_interfaces/pupper_interfaces/msg
-- Installing: /home/ubuntu/ros2_ws/src/pupper_interfaces/install/pupper_interfaces/include/pupper_interfaces/pupper_interfaces/msg/rosidl_typesupport_fastrtps_c__visibility_control.h
-- Up-to-date: /home/ubuntu/ros2_ws/src/pupper_interfaces/install/pupper_interfaces/include/pupper_interfaces/pupper_interfaces/msg/detail
-- Installing: /home/ubuntu/ros2_ws/src/pupper_interfaces/install/pupper_interfaces/include/pupper_interfaces/pupper_interfaces/msg/detail/command__rosidl_typesupport_fastrtps_c.h
-- Installing: /home/ubuntu/ros2_ws/src/pupper_interfaces/install/pupper_interfaces/include/pupper_interfaces/pupper_interfaces/msg/detail/touch_event__rosidl_typesupport_fastrtps_c.h
-- Installing: /home/ubuntu/ros2_ws/src/pupper_interfaces/install/pupper_interfaces/include/pupper_interfaces/pupper_interfaces/msg/detail/distraction_event__rosidl_typesupport_fastrtps_c.h
-- Installing: /home/ubuntu/ros2_ws/src/pupper_interfaces/install/pupper_interfaces/lib/libpupper_interfaces__rosidl_typesupport_fastrtps_c.so
-- Set runtime path of "/home/ubuntu/ros2_ws/src/pupper_interfaces/install/pupper_interfaces/lib/libpupper_interfaces__rosidl_typesupport_fastrtps_c.so" to ""
-- Up-to-date: /home/ubuntu/ros2_ws/src/pupper_interfaces/install/pupper_interfaces/include/pupper_interfaces/pupper_interfaces
-- Up-to-date: /home/ubuntu/ros2_ws/src/pupper_interfaces/install/pupper_interfaces/include/pupper_interfaces/pupper_interfaces/srv
-- Up-to-date: /home/ubuntu/ros2_ws/src/pupper_interfaces/install/pupper_interfaces/include/pupper_interfaces/pupper_interfaces/srv/detail
-- Installing: /home/ubuntu/ros2_ws/src/pupper_interfaces/install/pupper_interfaces/include/pupper_interfaces/pupper_interfaces/srv/detail/touch_pupper__type_support.c
-- Installing: /home/ubuntu/ros2_ws/src/pupper_interfaces/install/pupper_interfaces/include/pupper_interfaces/pupper_interfaces/srv/detail/go_pupper__type_support.c
-- Installing: /home/ubuntu/ros2_ws/src/pupper_interfaces/install/pupper_interfaces/include/pupper_interfaces/pupper_interfaces/srv/detail/state_manager_command__type_support.c
-- Installing: /home/ubuntu/ros2_ws/src/pupper_interfaces/install/pupper_interfaces/include/pupper_interfaces/pupper_interfaces/srv/detail/play_music__rosidl_typesupport_introspection_c.h
-- Installing: /home/ubuntu/ros2_ws/src/pupper_interfaces/install/pupper_interfaces/include/pupper_interfaces/pupper_interfaces/srv/detail/stop_music__rosidl_typesupport_introspection_c.h
-- Installing: /home/ubuntu/ros2_ws/src/pupper_interfaces/install/pupper_interfaces/include/pupper_interfaces/pupper_interfaces/srv/detail/touch_pupper__rosidl_typesupport_introspection_c.h
-- Installing: /home/ubuntu/ros2_ws/src/pupper_interfaces/install/pupper_interfaces/include/pupper_interfaces/pupper_interfaces/srv/detail/play_music__type_support.c
-- Installing: /home/ubuntu/ros2_ws/src/pupper_interfaces/install/pupper_interfaces/include/pupper_interfaces/pupper_interfaces/srv/detail/go_pupper__rosidl_typesupport_introspection_c.h
-- Installing: /home/ubuntu/ros2_ws/src/pupper_interfaces/install/pupper_interfaces/include/pupper_interfaces/pupper_interfaces/srv/detail/stop_music__type_support.c
-- Installing: /home/ubuntu/ros2_ws/src/pupper_interfaces/install/pupper_interfaces/include/pupper_interfaces/pupper_interfaces/srv/detail/camera_pupper__rosidl_typesupport_introspection_c.h
-- Installing: /home/ubuntu/ros2_ws/src/pupper_interfaces/install/pupper_interfaces/include/pupper_interfaces/pupper_interfaces/srv/detail/camera_pupper__type_support.c
-- Installing: /home/ubuntu/ros2_ws/src/pupper_interfaces/install/pupper_interfaces/include/pupper_interfaces/pupper_interfaces/srv/detail/state_manager_command__rosidl_typesupport_introspection_c.h
-- Up-to-date: /home/ubuntu/ros2_ws/src/pupper_interfaces/install/pupper_interfaces/include/pupper_interfaces/pupper_interfaces/msg
-- Up-to-date: /home/ubuntu/ros2_ws/src/pupper_interfaces/install/pupper_interfaces/include/pupper_interfaces/pupper_interfaces/msg/detail
-- Installing: /home/ubuntu/ros2_ws/src/pupper_interfaces/install/pupper_interfaces/include/pupper_interfaces/pupper_interfaces/msg/detail/distraction_event__rosidl_typesupport_introspection_c.h
-- Installing: /home/ubuntu/ros2_ws/src/pupper_interfaces/install/pupper_interfaces/include/pupper_interfaces/pupper_interfaces/msg/detail/command__rosidl_typesupport_introspection_c.h
-- Installing: /home/ubuntu/ros2_ws/src/pupper_interfaces/install/pupper_interfaces/include/pupper_interfaces/pupper_interfaces/msg/detail/distraction_event__type_support.c
-- Installing: /home/ubuntu/ros2_ws/src/pupper_interfaces/install/pupper_interfaces/include/pupper_interfaces/pupper_interfaces/msg/detail/touch_event__type_support.c
-- Installing: /home/ubuntu/ros2_ws/src/pupper_interfaces/install/pupper_interfaces/include/pupper_interfaces/pupper_interfaces/msg/detail/touch_event__rosidl_typesupport_introspection_c.h
-- Installing: /home/ubuntu/ros2_ws/src/pupper_interfaces/install/pupper_interfaces/include/pupper_interfaces/pupper_interfaces/msg/detail/command__type_support.c
-- Installing: /home/ubuntu/ros2_ws/src/pupper_interfaces/install/pupper_interfaces/include/pupper_interfaces/pupper_interfaces/msg/rosidl_typesupport_introspection_c__visibility_control.h
-- Installing: /home/ubuntu/ros2_ws/src/pupper_interfaces/install/pupper_interfaces/lib/libpupper_interfaces__rosidl_typesupport_introspection_c.so
-- Set runtime path of "/home/ubuntu/ros2_ws/src/pupper_interfaces/install/pupper_interfaces/lib/libpupper_interfaces__rosidl_typesupport_introspection_c.so" to ""
-- Installing: /home/ubuntu/ros2_ws/src/pupper_interfaces/install/pupper_interfaces/lib/libpupper_interfaces__rosidl_typesupport_c.so
-- Set runtime path of "/home/ubuntu/ros2_ws/src/pupper_interfaces/install/pupper_interfaces/lib/libpupper_interfaces__rosidl_typesupport_c.so" to ""
-- Up-to-date: /home/ubuntu/ros2_ws/src/pupper_interfaces/install/pupper_interfaces/include/pupper_interfaces/pupper_interfaces
-- Up-to-date: /home/ubuntu/ros2_ws/src/pupper_interfaces/install/pupper_interfaces/include/pupper_interfaces/pupper_interfaces/srv
-- Installing: /home/ubuntu/ros2_ws/src/pupper_interfaces/install/pupper_interfaces/include/pupper_interfaces/pupper_interfaces/srv/touch_pupper.hpp
-- Installing: /home/ubuntu/ros2_ws/src/pupper_interfaces/install/pupper_interfaces/include/pupper_interfaces/pupper_interfaces/srv/stop_music.hpp
-- Installing: /home/ubuntu/ros2_ws/src/pupper_interfaces/install/pupper_interfaces/include/pupper_interfaces/pupper_interfaces/srv/play_music.hpp
-- Installing: /home/ubuntu/ros2_ws/src/pupper_interfaces/install/pupper_interfaces/include/pupper_interfaces/pupper_interfaces/srv/state_manager_command.hpp
-- Installing: /home/ubuntu/ros2_ws/src/pupper_interfaces/install/pupper_interfaces/include/pupper_interfaces/pupper_interfaces/srv/camera_pupper.hpp
-- Up-to-date: /home/ubuntu/ros2_ws/src/pupper_interfaces/install/pupper_interfaces/include/pupper_interfaces/pupper_interfaces/srv/detail
-- Installing: /home/ubuntu/ros2_ws/src/pupper_interfaces/install/pupper_interfaces/include/pupper_interfaces/pupper_interfaces/srv/detail/touch_pupper__builder.hpp
-- Installing: /home/ubuntu/ros2_ws/src/pupper_interfaces/install/pupper_interfaces/include/pupper_interfaces/pupper_interfaces/srv/detail/stop_music__struct.hpp
-- Installing: /home/ubuntu/ros2_ws/src/pupper_interfaces/install/pupper_interfaces/include/pupper_interfaces/pupper_interfaces/srv/detail/play_music__struct.hpp
-- Installing: /home/ubuntu/ros2_ws/src/pupper_interfaces/install/pupper_interfaces/include/pupper_interfaces/pupper_interfaces/srv/detail/touch_pupper__struct.hpp
-- Installing: /home/ubuntu/ros2_ws/src/pupper_interfaces/install/pupper_interfaces/include/pupper_interfaces/pupper_interfaces/srv/detail/play_music__traits.hpp
-- Installing: /home/ubuntu/ros2_ws/src/pupper_interfaces/install/pupper_interfaces/include/pupper_interfaces/pupper_interfaces/srv/detail/play_music__builder.hpp
-- Installing: /home/ubuntu/ros2_ws/src/pupper_interfaces/install/pupper_interfaces/include/pupper_interfaces/pupper_interfaces/srv/detail/state_manager_command__traits.hpp
-- Installing: /home/ubuntu/ros2_ws/src/pupper_interfaces/install/pupper_interfaces/include/pupper_interfaces/pupper_interfaces/srv/detail/go_pupper__builder.hpp
-- Installing: /home/ubuntu/ros2_ws/src/pupper_interfaces/install/pupper_interfaces/include/pupper_interfaces/pupper_interfaces/srv/detail/state_manager_command__builder.hpp
-- Installing: /home/ubuntu/ros2_ws/src/pupper_interfaces/install/pupper_interfaces/include/pupper_interfaces/pupper_interfaces/srv/detail/stop_music__builder.hpp
-- Installing: /home/ubuntu/ros2_ws/src/pupper_interfaces/install/pupper_interfaces/include/pupper_interfaces/pupper_interfaces/srv/detail/state_manager_command__struct.hpp
-- Installing: /home/ubuntu/ros2_ws/src/pupper_interfaces/install/pupper_interfaces/include/pupper_interfaces/pupper_interfaces/srv/detail/camera_pupper__builder.hpp
-- Installing: /home/ubuntu/ros2_ws/src/pupper_interfaces/install/pupper_interfaces/include/pupper_interfaces/pupper_interfaces/srv/detail/camera_pupper__struct.hpp
-- Installing: /home/ubuntu/ros2_ws/src/pupper_interfaces/install/pupper_interfaces/include/pupper_interfaces/pupper_interfaces/srv/detail/stop_music__traits.hpp
-- Installing: /home/ubuntu/ros2_ws/src/pupper_interfaces/install/pupper_interfaces/include/pupper_interfaces/pupper_interfaces/srv/detail/go_pupper__struct.hpp
-- Installing: /home/ubuntu/ros2_ws/src/pupper_interfaces/install/pupper_interfaces/include/pupper_interfaces/pupper_interfaces/srv/detail/camera_pupper__traits.hpp
-- Installing: /home/ubuntu/ros2_ws/src/pupper_interfaces/install/pupper_interfaces/include/pupper_interfaces/pupper_interfaces/srv/detail/go_pupper__traits.hpp
-- Installing: /home/ubuntu/ros2_ws/src/pupper_interfaces/install/pupper_interfaces/include/pupper_interfaces/pupper_interfaces/srv/detail/touch_pupper__traits.hpp
-- Installing: /home/ubuntu/ros2_ws/src/pupper_interfaces/install/pupper_interfaces/include/pupper_interfaces/pupper_interfaces/srv/go_pupper.hpp
-- Up-to-date: /home/ubuntu/ros2_ws/src/pupper_interfaces/install/pupper_interfaces/include/pupper_interfaces/pupper_interfaces/msg
-- Installing: /home/ubuntu/ros2_ws/src/pupper_interfaces/install/pupper_interfaces/include/pupper_interfaces/pupper_interfaces/msg/command.hpp
-- Installing: /home/ubuntu/ros2_ws/src/pupper_interfaces/install/pupper_interfaces/include/pupper_interfaces/pupper_interfaces/msg/distraction_event.hpp
-- Installing: /home/ubuntu/ros2_ws/src/pupper_interfaces/install/pupper_interfaces/include/pupper_interfaces/pupper_interfaces/msg/touch_event.hpp
-- Up-to-date: /home/ubuntu/ros2_ws/src/pupper_interfaces/install/pupper_interfaces/include/pupper_interfaces/pupper_interfaces/msg/detail
-- Installing: /home/ubuntu/ros2_ws/src/pupper_interfaces/install/pupper_interfaces/include/pupper_interfaces/pupper_interfaces/msg/detail/distraction_event__struct.hpp
-- Installing: /home/ubuntu/ros2_ws/src/pupper_interfaces/install/pupper_interfaces/include/pupper_interfaces/pupper_interfaces/msg/detail/touch_event__traits.hpp
-- Installing: /home/ubuntu/ros2_ws/src/pupper_interfaces/install/pupper_interfaces/include/pupper_interfaces/pupper_interfaces/msg/detail/distraction_event__traits.hpp
-- Installing: /home/ubuntu/ros2_ws/src/pupper_interfaces/install/pupper_interfaces/include/pupper_interfaces/pupper_interfaces/msg/detail/distraction_event__builder.hpp
-- Installing: /home/ubuntu/ros2_ws/src/pupper_interfaces/install/pupper_interfaces/include/pupper_interfaces/pupper_interfaces/msg/detail/command__builder.hpp
-- Installing: /home/ubuntu/ros2_ws/src/pupper_interfaces/install/pupper_interfaces/include/pupper_interfaces/pupper_interfaces/msg/detail/command__struct.hpp
-- Installing: /home/ubuntu/ros2_ws/src/pupper_interfaces/install/pupper_interfaces/include/pupper_interfaces/pupper_interfaces/msg/detail/touch_event__builder.hpp
-- Installing: /home/ubuntu/ros2_ws/src/pupper_interfaces/install/pupper_interfaces/include/pupper_interfaces/pupper_interfaces/msg/detail/touch_event__struct.hpp
-- Installing: /home/ubuntu/ros2_ws/src/pupper_interfaces/install/pupper_interfaces/include/pupper_interfaces/pupper_interfaces/msg/detail/command__traits.hpp
-- Up-to-date: /home/ubuntu/ros2_ws/src/pupper_interfaces/install/pupper_interfaces/include/pupper_interfaces/pupper_interfaces
-- Up-to-date: /home/ubuntu/ros2_ws/src/pupper_interfaces/install/pupper_interfaces/include/pupper_interfaces/pupper_interfaces/srv
-- Up-to-date: /home/ubuntu/ros2_ws/src/pupper_interfaces/install/pupper_interfaces/include/pupper_interfaces/pupper_interfaces/srv/detail
-- Installing: /home/ubuntu/ros2_ws/src/pupper_interfaces/install/pupper_interfaces/include/pupper_interfaces/pupper_interfaces/srv/detail/state_manager_command__rosidl_typesupport_fastrtps_cpp.hpp
-- Installing: /home/ubuntu/ros2_ws/src/pupper_interfaces/install/pupper_interfaces/include/pupper_interfaces/pupper_interfaces/srv/detail/touch_pupper__rosidl_typesupport_fastrtps_cpp.hpp
-- Installing: /home/ubuntu/ros2_ws/src/pupper_interfaces/install/pupper_interfaces/include/pupper_interfaces/pupper_interfaces/srv/detail/play_music__rosidl_typesupport_fastrtps_cpp.hpp
-- Installing: /home/ubuntu/ros2_ws/src/pupper_interfaces/install/pupper_interfaces/include/pupper_interfaces/pupper_interfaces/srv/detail/camera_pupper__rosidl_typesupport_fastrtps_cpp.hpp
-- Installing: /home/ubuntu/ros2_ws/src/pupper_interfaces/install/pupper_interfaces/include/pupper_interfaces/pupper_interfaces/srv/detail/dds_fastrtps
-- Installing: /home/ubuntu/ros2_ws/src/pupper_interfaces/install/pupper_interfaces/include/pupper_interfaces/pupper_interfaces/srv/detail/go_pupper__rosidl_typesupport_fastrtps_cpp.hpp
-- Installing: /home/ubuntu/ros2_ws/src/pupper_interfaces/install/pupper_interfaces/include/pupper_interfaces/pupper_interfaces/srv/detail/stop_music__rosidl_typesupport_fastrtps_cpp.hpp
-- Up-to-date: /home/ubuntu/ros2_ws/src/pupper_interfaces/install/pupper_interfaces/include/pupper_interfaces/pupper_interfaces/msg
-- Installing: /home/ubuntu/ros2_ws/src/pupper_interfaces/install/pupper_interfaces/include/pupper_interfaces/pupper_interfaces/msg/rosidl_typesupport_fastrtps_cpp__visibility_control.h
-- Up-to-date: /home/ubuntu/ros2_ws/src/pupper_interfaces/install/pupper_interfaces/include/pupper_interfaces/pupper_interfaces/msg/detail
-- Installing: /home/ubuntu/ros2_ws/src/pupper_interfaces/install/pupper_interfaces/include/pupper_interfaces/pupper_interfaces/msg/detail/distraction_event__rosidl_typesupport_fastrtps_cpp.hpp
-- Installing: /home/ubuntu/ros2_ws/src/pupper_interfaces/install/pupper_interfaces/include/pupper_interfaces/pupper_interfaces/msg/detail/touch_event__rosidl_typesupport_fastrtps_cpp.hpp
-- Installing: /home/ubuntu/ros2_ws/src/pupper_interfaces/install/pupper_interfaces/include/pupper_interfaces/pupper_interfaces/msg/detail/command__rosidl_typesupport_fastrtps_cpp.hpp
-- Installing: /home/ubuntu/ros2_ws/src/pupper_interfaces/install/pupper_interfaces/include/pupper_interfaces/pupper_interfaces/msg/detail/dds_fastrtps
-- Installing: /home/ubuntu/ros2_ws/src/pupper_interfaces/install/pupper_interfaces/lib/libpupper_interfaces__rosidl_typesupport_fastrtps_cpp.so
-- Set runtime path of "/home/ubuntu/ros2_ws/src/pupper_interfaces/install/pupper_interfaces/lib/libpupper_interfaces__rosidl_typesupport_fastrtps_cpp.so" to ""
-- Up-to-date: /home/ubuntu/ros2_ws/src/pupper_interfaces/install/pupper_interfaces/include/pupper_interfaces/pupper_interfaces
-- Up-to-date: /home/ubuntu/ros2_ws/src/pupper_interfaces/install/pupper_interfaces/include/pupper_interfaces/pupper_interfaces/srv
-- Up-to-date: /home/ubuntu/ros2_ws/src/pupper_interfaces/install/pupper_interfaces/include/pupper_interfaces/pupper_interfaces/srv/detail
-- Installing: /home/ubuntu/ros2_ws/src/pupper_interfaces/install/pupper_interfaces/include/pupper_interfaces/pupper_interfaces/srv/detail/state_manager_command__type_support.cpp
-- Installing: /home/ubuntu/ros2_ws/src/pupper_interfaces/install/pupper_interfaces/include/pupper_interfaces/pupper_interfaces/srv/detail/touch_pupper__type_support.cpp
-- Installing: /home/ubuntu/ros2_ws/src/pupper_interfaces/install/pupper_interfaces/include/pupper_interfaces/pupper_interfaces/srv/detail/play_music__rosidl_typesupport_introspection_cpp.hpp
-- Installing: /home/ubuntu/ros2_ws/src/pupper_interfaces/install/pupper_interfaces/include/pupper_interfaces/pupper_interfaces/srv/detail/go_pupper__type_support.cpp
-- Installing: /home/ubuntu/ros2_ws/src/pupper_interfaces/install/pupper_interfaces/include/pupper_interfaces/pupper_interfaces/srv/detail/stop_music__rosidl_typesupport_introspection_cpp.hpp
-- Installing: /home/ubuntu/ros2_ws/src/pupper_interfaces/install/pupper_interfaces/include/pupper_interfaces/pupper_interfaces/srv/detail/camera_pupper__type_support.cpp
-- Installing: /home/ubuntu/ros2_ws/src/pupper_interfaces/install/pupper_interfaces/include/pupper_interfaces/pupper_interfaces/srv/detail/play_music__type_support.cpp
-- Installing: /home/ubuntu/ros2_ws/src/pupper_interfaces/install/pupper_interfaces/include/pupper_interfaces/pupper_interfaces/srv/detail/go_pupper__rosidl_typesupport_introspection_cpp.hpp
-- Installing: /home/ubuntu/ros2_ws/src/pupper_interfaces/install/pupper_interfaces/include/pupper_interfaces/pupper_interfaces/srv/detail/camera_pupper__rosidl_typesupport_introspection_cpp.hpp
-- Installing: /home/ubuntu/ros2_ws/src/pupper_interfaces/install/pupper_interfaces/include/pupper_interfaces/pupper_interfaces/srv/detail/touch_pupper__rosidl_typesupport_introspection_cpp.hpp
-- Installing: /home/ubuntu/ros2_ws/src/pupper_interfaces/install/pupper_interfaces/include/pupper_interfaces/pupper_interfaces/srv/detail/state_manager_command__rosidl_typesupport_introspection_cpp.hpp
-- Installing: /home/ubuntu/ros2_ws/src/pupper_interfaces/install/pupper_interfaces/include/pupper_interfaces/pupper_interfaces/srv/detail/stop_music__type_support.cpp
-- Up-to-date: /home/ubuntu/ros2_ws/src/pupper_interfaces/install/pupper_interfaces/include/pupper_interfaces/pupper_interfaces/msg
-- Up-to-date: /home/ubuntu/ros2_ws/src/pupper_interfaces/install/pupper_interfaces/include/pupper_interfaces/pupper_interfaces/msg/detail
-- Installing: /home/ubuntu/ros2_ws/src/pupper_interfaces/install/pupper_interfaces/include/pupper_interfaces/pupper_interfaces/msg/detail/distraction_event__type_support.cpp
-- Installing: /home/ubuntu/ros2_ws/src/pupper_interfaces/install/pupper_interfaces/include/pupper_interfaces/pupper_interfaces/msg/detail/touch_event__rosidl_typesupport_introspection_cpp.hpp
-- Installing: /home/ubuntu/ros2_ws/src/pupper_interfaces/install/pupper_interfaces/include/pupper_interfaces/pupper_interfaces/msg/detail/distraction_event__rosidl_typesupport_introspection_cpp.hpp
-- Installing: /home/ubuntu/ros2_ws/src/pupper_interfaces/install/pupper_interfaces/include/pupper_interfaces/pupper_interfaces/msg/detail/touch_event__type_support.cpp
-- Installing: /home/ubuntu/ros2_ws/src/pupper_interfaces/install/pupper_interfaces/include/pupper_interfaces/pupper_interfaces/msg/detail/command__rosidl_typesupport_introspection_cpp.hpp
-- Installing: /home/ubuntu/ros2_ws/src/pupper_interfaces/install/pupper_interfaces/include/pupper_interfaces/pupper_interfaces/msg/detail/command__type_support.cpp
-- Installing: /home/ubuntu/ros2_ws/src/pupper_interfaces/install/pupper_interfaces/lib/libpupper_interfaces__rosidl_typesupport_introspection_cpp.so
-- Set runtime path of "/home/ubuntu/ros2_ws/src/pupper_interfaces/install/pupper_interfaces/lib/libpupper_interfaces__rosidl_typesupport_introspection_cpp.so" to ""
-- Installing: /home/ubuntu/ros2_ws/src/pupper_interfaces/install/pupper_interfaces/lib/libpupper_interfaces__rosidl_typesupport_cpp.so
-- Set runtime path of "/home/ubuntu/ros2_ws/src/pupper_interfaces/install/pupper_interfaces/lib/libpupper_interfaces__rosidl_typesupport_cpp.so" to ""
-- Installing: /home/ubuntu/ros2_ws/src/pupper_interfaces/install/pupper_interfaces/share/pupper_interfaces/environment/pythonpath.sh
-- Installing: /home/ubuntu/ros2_ws/src/pupper_interfaces/install/pupper_interfaces/share/pupper_interfaces/environment/pythonpath.dsv
-- Installing: /home/ubuntu/ros2_ws/src/pupper_interfaces/install/pupper_interfaces/local/lib/python3.10/dist-packages/pupper_interfaces-0.0.0-py3.10.egg-info
-- Installing: /home/ubuntu/ros2_ws/src/pupper_interfaces/install/pupper_interfaces/local/lib/python3.10/dist-packages/pupper_interfaces-0.0.0-py3.10.egg-info/SOURCES.txt
-- Installing: /home/ubuntu/ros2_ws/src/pupper_interfaces/install/pupper_interfaces/local/lib/python3.10/dist-packages/pupper_interfaces-0.0.0-py3.10.egg-info/dependency_links.txt
-- Installing: /home/ubuntu/ros2_ws/src/pupper_interfaces/install/pupper_interfaces/local/lib/python3.10/dist-packages/pupper_interfaces-0.0.0-py3.10.egg-info/PKG-INFO
-- Installing: /home/ubuntu/ros2_ws/src/pupper_interfaces/install/pupper_interfaces/local/lib/python3.10/dist-packages/pupper_interfaces-0.0.0-py3.10.egg-info/top_level.txt
-- Installing: /home/ubuntu/ros2_ws/src/pupper_interfaces/install/pupper_interfaces/local/lib/python3.10/dist-packages/pupper_interfaces
-- Installing: /home/ubuntu/ros2_ws/src/pupper_interfaces/install/pupper_interfaces/local/lib/python3.10/dist-packages/pupper_interfaces/__init__.py
-- Installing: /home/ubuntu/ros2_ws/src/pupper_interfaces/install/pupper_interfaces/local/lib/python3.10/dist-packages/pupper_interfaces/_pupper_interfaces_s.ep.rosidl_typesupport_fastrtps_c.c
-- Installing: /home/ubuntu/ros2_ws/src/pupper_interfaces/install/pupper_interfaces/local/lib/python3.10/dist-packages/pupper_interfaces/_pupper_interfaces_s.ep.rosidl_typesupport_c.c
-- Installing: /home/ubuntu/ros2_ws/src/pupper_interfaces/install/pupper_interfaces/local/lib/python3.10/dist-packages/pupper_interfaces/_pupper_interfaces_s.ep.rosidl_typesupport_introspection_c.c
-- Installing: /home/ubuntu/ros2_ws/src/pupper_interfaces/install/pupper_interfaces/local/lib/python3.10/dist-packages/pupper_interfaces/libpupper_interfaces__rosidl_generator_py.so
-- Installing: /home/ubuntu/ros2_ws/src/pupper_interfaces/install/pupper_interfaces/local/lib/python3.10/dist-packages/pupper_interfaces/pupper_interfaces_s__rosidl_typesupport_introspection_c.cpython-310-aarch64-linux-gnu.so
-- Installing: /home/ubuntu/ros2_ws/src/pupper_interfaces/install/pupper_interfaces/local/lib/python3.10/dist-packages/pupper_interfaces/srv
-- Installing: /home/ubuntu/ros2_ws/src/pupper_interfaces/install/pupper_interfaces/local/lib/python3.10/dist-packages/pupper_interfaces/srv/__init__.py
-- Installing: /home/ubuntu/ros2_ws/src/pupper_interfaces/install/pupper_interfaces/local/lib/python3.10/dist-packages/pupper_interfaces/srv/_go_pupper.py
-- Installing: /home/ubuntu/ros2_ws/src/pupper_interfaces/install/pupper_interfaces/local/lib/python3.10/dist-packages/pupper_interfaces/srv/_stop_music_s.c
-- Installing: /home/ubuntu/ros2_ws/src/pupper_interfaces/install/pupper_interfaces/local/lib/python3.10/dist-packages/pupper_interfaces/srv/_stop_music.py
-- Installing: /home/ubuntu/ros2_ws/src/pupper_interfaces/install/pupper_interfaces/local/lib/python3.10/dist-packages/pupper_interfaces/srv/_touch_pupper_s.c
-- Installing: /home/ubuntu/ros2_ws/src/pupper_interfaces/install/pupper_interfaces/local/lib/python3.10/dist-packages/pupper_interfaces/srv/_camera_pupper_s.c
-- Installing: /home/ubuntu/ros2_ws/src/pupper_interfaces/install/pupper_interfaces/local/lib/python3.10/dist-packages/pupper_interfaces/srv/_state_manager_command.py
-- Installing: /home/ubuntu/ros2_ws/src/pupper_interfaces/install/pupper_interfaces/local/lib/python3.10/dist-packages/pupper_interfaces/srv/_touch_pupper.py
-- Installing: /home/ubuntu/ros2_ws/src/pupper_interfaces/install/pupper_interfaces/local/lib/python3.10/dist-packages/pupper_interfaces/srv/_go_pupper_s.c
-- Installing: /home/ubuntu/ros2_ws/src/pupper_interfaces/install/pupper_interfaces/local/lib/python3.10/dist-packages/pupper_interfaces/srv/_state_manager_command_s.c
-- Installing: /home/ubuntu/ros2_ws/src/pupper_interfaces/install/pupper_interfaces/local/lib/python3.10/dist-packages/pupper_interfaces/srv/_play_music_s.c
-- Installing: /home/ubuntu/ros2_ws/src/pupper_interfaces/install/pupper_interfaces/local/lib/python3.10/dist-packages/pupper_interfaces/srv/_play_music.py
-- Installing: /home/ubuntu/ros2_ws/src/pupper_interfaces/install/pupper_interfaces/local/lib/python3.10/dist-packages/pupper_interfaces/srv/_camera_pupper.py
-- Installing: /home/ubuntu/ros2_ws/src/pupper_interfaces/install/pupper_interfaces/local/lib/python3.10/dist-packages/pupper_interfaces/pupper_interfaces_s__rosidl_typesupport_c.cpython-310-aarch64-linux-gnu.so
-- Installing: /home/ubuntu/ros2_ws/src/pupper_interfaces/install/pupper_interfaces/local/lib/python3.10/dist-packages/pupper_interfaces/pupper_interfaces_s__rosidl_typesupport_fastrtps_c.cpython-310-aarch64-linux-gnu.so
-- Installing: /home/ubuntu/ros2_ws/src/pupper_interfaces/install/pupper_interfaces/local/lib/python3.10/dist-packages/pupper_interfaces/msg
-- Installing: /home/ubuntu/ros2_ws/src/pupper_interfaces/install/pupper_interfaces/local/lib/python3.10/dist-packages/pupper_interfaces/msg/__init__.py
-- Installing: /home/ubuntu/ros2_ws/src/pupper_interfaces/install/pupper_interfaces/local/lib/python3.10/dist-packages/pupper_interfaces/msg/_command.py
-- Installing: /home/ubuntu/ros2_ws/src/pupper_interfaces/install/pupper_interfaces/local/lib/python3.10/dist-packages/pupper_interfaces/msg/_touch_event_s.c
-- Installing: /home/ubuntu/ros2_ws/src/pupper_interfaces/install/pupper_interfaces/local/lib/python3.10/dist-packages/pupper_interfaces/msg/_distraction_event.py
-- Installing: /home/ubuntu/ros2_ws/src/pupper_interfaces/install/pupper_interfaces/local/lib/python3.10/dist-packages/pupper_interfaces/msg/_touch_event.py
-- Installing: /home/ubuntu/ros2_ws/src/pupper_interfaces/install/pupper_interfaces/local/lib/python3.10/dist-packages/pupper_interfaces/msg/_distraction_event_s.c
-- Installing: /home/ubuntu/ros2_ws/src/pupper_interfaces/install/pupper_interfaces/local/lib/python3.10/dist-packages/pupper_interfaces/msg/_command_s.c
Listing '/home/ubuntu/ros2_ws/src/pupper_interfaces/install/pupper_interfaces/local/lib/python3.10/dist-packages/pupper_interfaces'...
Compiling '/home/ubuntu/ros2_ws/src/pupper_interfaces/install/pupper_interfaces/local/lib/python3.10/dist-packages/pupper_interfaces/__init__.py'...
Listing '/home/ubuntu/ros2_ws/src/pupper_interfaces/install/pupper_interfaces/local/lib/python3.10/dist-packages/pupper_interfaces/msg'...
Compiling '/home/ubuntu/ros2_ws/src/pupper_interfaces/install/pupper_interfaces/local/lib/python3.10/dist-packages/pupper_interfaces/msg/__init__.py'...
Compiling '/home/ubuntu/ros2_ws/src/pupper_interfaces/install/pupper_interfaces/local/lib/python3.10/dist-packages/pupper_interfaces/msg/_command.py'...
Compiling '/home/ubuntu/ros2_ws/src/pupper_interfaces/install/pupper_interfaces/local/lib/python3.10/dist-packages/pupper_interfaces/msg/_distraction_event.py'...
Compiling '/home/ubuntu/ros2_ws/src/pupper_interfaces/install/pupper_interfaces/local/lib/python3.10/dist-packages/pupper_interfaces/msg/_touch_event.py'...
Listing '/home/ubuntu/ros2_ws/src/pupper_interfaces/install/pupper_interfaces/local/lib/python3.10/dist-packages/pupper_interfaces/srv'...
Compiling '/home/ubuntu/ros2_ws/src/pupper_interfaces/install/pupper_interfaces/local/lib/python3.10/dist-packages/pupper_interfaces/srv/__init__.py'...
Compiling '/home/ubuntu/ros2_ws/src/pupper_interfaces/install/pupper_interfaces/local/lib/python3.10/dist-packages/pupper_interfaces/srv/_camera_pupper.py'...
Compiling '/home/ubuntu/ros2_ws/src/pupper_interfaces/install/pupper_interfaces/local/lib/python3.10/dist-packages/pupper_interfaces/srv/_go_pupper.py'...
Compiling '/home/ubuntu/ros2_ws/src/pupper_interfaces/install/pupper_interfaces/local/lib/python3.10/dist-packages/pupper_interfaces/srv/_play_music.py'...
Compiling '/home/ubuntu/ros2_ws/src/pupper_interfaces/install/pupper_interfaces/local/lib/python3.10/dist-packages/pupper_interfaces/srv/_state_manager_command.py'...
Compiling '/home/ubuntu/ros2_ws/src/pupper_interfaces/install/pupper_interfaces/local/lib/python3.10/dist-packages/pupper_interfaces/srv/_stop_music.py'...
Compiling '/home/ubuntu/ros2_ws/src/pupper_interfaces/install/pupper_interfaces/local/lib/python3.10/dist-packages/pupper_interfaces/srv/_touch_pupper.py'...
-- Installing: /home/ubuntu/ros2_ws/src/pupper_interfaces/install/pupper_interfaces/local/lib/python3.10/dist-packages/pupper_interfaces/pupper_interfaces_s__rosidl_typesupport_fastrtps_c.cpython-310-aarch64-linux-gnu.so
-- Set runtime path of "/home/ubuntu/ros2_ws/src/pupper_interfaces/install/pupper_interfaces/local/lib/python3.10/dist-packages/pupper_interfaces/pupper_interfaces_s__rosidl_typesupport_fastrtps_c.cpython-310-aarch64-linux-gnu.so" to ""
-- Installing: /home/ubuntu/ros2_ws/src/pupper_interfaces/install/pupper_interfaces/local/lib/python3.10/dist-packages/pupper_interfaces/pupper_interfaces_s__rosidl_typesupport_introspection_c.cpython-310-aarch64-linux-gnu.so
-- Set runtime path of "/home/ubuntu/ros2_ws/src/pupper_interfaces/install/pupper_interfaces/local/lib/python3.10/dist-packages/pupper_interfaces/pupper_interfaces_s__rosidl_typesupport_introspection_c.cpython-310-aarch64-linux-gnu.so" to ""
-- Installing: /home/ubuntu/ros2_ws/src/pupper_interfaces/install/pupper_interfaces/local/lib/python3.10/dist-packages/pupper_interfaces/pupper_interfaces_s__rosidl_typesupport_c.cpython-310-aarch64-linux-gnu.so
-- Set runtime path of "/home/ubuntu/ros2_ws/src/pupper_interfaces/install/pupper_interfaces/local/lib/python3.10/dist-packages/pupper_interfaces/pupper_interfaces_s__rosidl_typesupport_c.cpython-310-aarch64-linux-gnu.so" to ""
-- Installing: /home/ubuntu/ros2_ws/src/pupper_interfaces/install/pupper_interfaces/lib/libpupper_interfaces__rosidl_generator_py.so
-- Set runtime path of "/home/ubuntu/ros2_ws/src/pupper_interfaces/install/pupper_interfaces/lib/libpupper_interfaces__rosidl_generator_py.so" to ""
-- Installing: /home/ubuntu/ros2_ws/src/pupper_interfaces/install/pupper_interfaces/share/pupper_interfaces/msg/Command.idl
-- Installing: /home/ubuntu/ros2_ws/src/pupper_interfaces/install/pupper_interfaces/share/pupper_interfaces/msg/DistractionEvent.idl
-- Installing: /home/ubuntu/ros2_ws/src/pupper_interfaces/install/pupper_interfaces/share/pupper_interfaces/msg/TouchEvent.idl
-- Installing: /home/ubuntu/ros2_ws/src/pupper_interfaces/install/pupper_interfaces/share/pupper_interfaces/srv/GoPupper.idl
-- Installing: /home/ubuntu/ros2_ws/src/pupper_interfaces/install/pupper_interfaces/share/pupper_interfaces/srv/TouchPupper.idl
-- Installing: /home/ubuntu/ros2_ws/src/pupper_interfaces/install/pupper_interfaces/share/pupper_interfaces/srv/CameraPupper.idl
-- Installing: /home/ubuntu/ros2_ws/src/pupper_interfaces/install/pupper_interfaces/share/pupper_interfaces/srv/PlayMusic.idl
-- Installing: /home/ubuntu/ros2_ws/src/pupper_interfaces/install/pupper_interfaces/share/pupper_interfaces/srv/StopMusic.idl
-- Installing: /home/ubuntu/ros2_ws/src/pupper_interfaces/install/pupper_interfaces/share/pupper_interfaces/srv/StateManagerCommand.idl
-- Installing: /home/ubuntu/ros2_ws/src/pupper_interfaces/install/pupper_interfaces/share/pupper_interfaces/msg/Command.msg
-- Installing: /home/ubuntu/ros2_ws/src/pupper_interfaces/install/pupper_interfaces/share/pupper_interfaces/msg/DistractionEvent.msg
-- Installing: /home/ubuntu/ros2_ws/src/pupper_interfaces/install/pupper_interfaces/share/pupper_interfaces/msg/TouchEvent.msg
-- Installing: /home/ubuntu/ros2_ws/src/pupper_interfaces/install/pupper_interfaces/share/pupper_interfaces/srv/GoPupper.srv
-- Installing: /home/ubuntu/ros2_ws/src/pupper_interfaces/install/pupper_interfaces/share/pupper_interfaces/srv/GoPupper_Request.msg
-- Installing: /home/ubuntu/ros2_ws/src/pupper_interfaces/install/pupper_interfaces/share/pupper_interfaces/srv/GoPupper_Response.msg
-- Installing: /home/ubuntu/ros2_ws/src/pupper_interfaces/install/pupper_interfaces/share/pupper_interfaces/srv/TouchPupper.srv
-- Installing: /home/ubuntu/ros2_ws/src/pupper_interfaces/install/pupper_interfaces/share/pupper_interfaces/srv/TouchPupper_Request.msg
-- Installing: /home/ubuntu/ros2_ws/src/pupper_interfaces/install/pupper_interfaces/share/pupper_interfaces/srv/TouchPupper_Response.msg
-- Installing: /home/ubuntu/ros2_ws/src/pupper_interfaces/install/pupper_interfaces/share/pupper_interfaces/srv/CameraPupper.srv
-- Installing: /home/ubuntu/ros2_ws/src/pupper_interfaces/install/pupper_interfaces/share/pupper_interfaces/srv/CameraPupper_Request.msg
-- Installing: /home/ubuntu/ros2_ws/src/pupper_interfaces/install/pupper_interfaces/share/pupper_interfaces/srv/CameraPupper_Response.msg
-- Installing: /home/ubuntu/ros2_ws/src/pupper_interfaces/install/pupper_interfaces/share/pupper_interfaces/srv/PlayMusic.srv
-- Installing: /home/ubuntu/ros2_ws/src/pupper_interfaces/install/pupper_interfaces/share/pupper_interfaces/srv/PlayMusic_Request.msg
-- Installing: /home/ubuntu/ros2_ws/src/pupper_interfaces/install/pupper_interfaces/share/pupper_interfaces/srv/PlayMusic_Response.msg
-- Installing: /home/ubuntu/ros2_ws/src/pupper_interfaces/install/pupper_interfaces/share/pupper_interfaces/srv/StopMusic.srv
-- Installing: /home/ubuntu/ros2_ws/src/pupper_interfaces/install/pupper_interfaces/share/pupper_interfaces/srv/StopMusic_Request.msg
-- Installing: /home/ubuntu/ros2_ws/src/pupper_interfaces/install/pupper_interfaces/share/pupper_interfaces/srv/StopMusic_Response.msg
-- Installing: /home/ubuntu/ros2_ws/src/pupper_interfaces/install/pupper_interfaces/share/pupper_interfaces/srv/StateManagerCommand.srv
-- Installing: /home/ubuntu/ros2_ws/src/pupper_interfaces/install/pupper_interfaces/share/pupper_interfaces/srv/StateManagerCommand_Request.msg
-- Installing: /home/ubuntu/ros2_ws/src/pupper_interfaces/install/pupper_interfaces/share/pupper_interfaces/srv/StateManagerCommand_Response.msg
-- Installing: /home/ubuntu/ros2_ws/src/pupper_interfaces/install/pupper_interfaces/share/ament_index/resource_index/package_run_dependencies/pupper_interfaces
-- Installing: /home/ubuntu/ros2_ws/src/pupper_interfaces/install/pupper_interfaces/share/ament_index/resource_index/parent_prefix_path/pupper_interfaces
-- Installing: /home/ubuntu/ros2_ws/src/pupper_interfaces/install/pupper_interfaces/share/pupper_interfaces/environment/ament_prefix_path.sh
-- Installing: /home/ubuntu/ros2_ws/src/pupper_interfaces/install/pupper_interfaces/share/pupper_interfaces/environment/ament_prefix_path.dsv
-- Installing: /home/ubuntu/ros2_ws/src/pupper_interfaces/install/pupper_interfaces/share/pupper_interfaces/environment/path.sh
-- Installing: /home/ubuntu/ros2_ws/src/pupper_interfaces/install/pupper_interfaces/share/pupper_interfaces/environment/path.dsv
-- Installing: /home/ubuntu/ros2_ws/src/pupper_interfaces/install/pupper_interfaces/share/pupper_interfaces/local_setup.bash
-- Installing: /home/ubuntu/ros2_ws/src/pupper_interfaces/install/pupper_interfaces/share/pupper_interfaces/local_setup.sh
-- Installing: /home/ubuntu/ros2_ws/src/pupper_interfaces/install/pupper_interfaces/share/pupper_interfaces/local_setup.zsh
-- Installing: /home/ubuntu/ros2_ws/src/pupper_interfaces/install/pupper_interfaces/share/pupper_interfaces/local_setup.dsv
-- Installing: /home/ubuntu/ros2_ws/src/pupper_interfaces/install/pupper_interfaces/share/pupper_interfaces/package.dsv
-- Installing: /home/ubuntu/ros2_ws/src/pupper_interfaces/install/pupper_interfaces/share/ament_index/resource_index/packages/pupper_interfaces
-- Installing: /home/ubuntu/ros2_ws/src/pupper_interfaces/install/pupper_interfaces/share/pupper_interfaces/cmake/export_pupper_interfaces__rosidl_generator_cExport.cmake
-- Installing: /home/ubuntu/ros2_ws/src/pupper_interfaces/install/pupper_interfaces/share/pupper_interfaces/cmake/export_pupper_interfaces__rosidl_generator_cExport-noconfig.cmake
-- Installing: /home/ubuntu/ros2_ws/src/pupper_interfaces/install/pupper_interfaces/share/pupper_interfaces/cmake/export_pupper_interfaces__rosidl_typesupport_fastrtps_cExport.cmake
-- Installing: /home/ubuntu/ros2_ws/src/pupper_interfaces/install/pupper_interfaces/share/pupper_interfaces/cmake/export_pupper_interfaces__rosidl_typesupport_fastrtps_cExport-noconfig.cmake
-- Installing: /home/ubuntu/ros2_ws/src/pupper_interfaces/install/pupper_interfaces/share/pupper_interfaces/cmake/pupper_interfaces__rosidl_typesupport_introspection_cExport.cmake
-- Installing: /home/ubuntu/ros2_ws/src/pupper_interfaces/install/pupper_interfaces/share/pupper_interfaces/cmake/pupper_interfaces__rosidl_typesupport_introspection_cExport-noconfig.cmake
-- Installing: /home/ubuntu/ros2_ws/src/pupper_interfaces/install/pupper_interfaces/share/pupper_interfaces/cmake/pupper_interfaces__rosidl_typesupport_cExport.cmake
-- Installing: /home/ubuntu/ros2_ws/src/pupper_interfaces/install/pupper_interfaces/share/pupper_interfaces/cmake/pupper_interfaces__rosidl_typesupport_cExport-noconfig.cmake
-- Installing: /home/ubuntu/ros2_ws/src/pupper_interfaces/install/pupper_interfaces/share/pupper_interfaces/cmake/export_pupper_interfaces__rosidl_generator_cppExport.cmake
-- Installing: /home/ubuntu/ros2_ws/src/pupper_interfaces/install/pupper_interfaces/share/pupper_interfaces/cmake/export_pupper_interfaces__rosidl_typesupport_fastrtps_cppExport.cmake
-- Installing: /home/ubuntu/ros2_ws/src/pupper_interfaces/install/pupper_interfaces/share/pupper_interfaces/cmake/export_pupper_interfaces__rosidl_typesupport_fastrtps_cppExport-noconfig.cmake
-- Installing: /home/ubuntu/ros2_ws/src/pupper_interfaces/install/pupper_interfaces/share/pupper_interfaces/cmake/pupper_interfaces__rosidl_typesupport_introspection_cppExport.cmake
-- Installing: /home/ubuntu/ros2_ws/src/pupper_interfaces/install/pupper_interfaces/share/pupper_interfaces/cmake/pupper_interfaces__rosidl_typesupport_introspection_cppExport-noconfig.cmake
-- Installing: /home/ubuntu/ros2_ws/src/pupper_interfaces/install/pupper_interfaces/share/pupper_interfaces/cmake/pupper_interfaces__rosidl_typesupport_cppExport.cmake
-- Installing: /home/ubuntu/ros2_ws/src/pupper_interfaces/install/pupper_interfaces/share/pupper_interfaces/cmake/pupper_interfaces__rosidl_typesupport_cppExport-noconfig.cmake
-- Installing: /home/ubuntu/ros2_ws/src/pupper_interfaces/install/pupper_interfaces/share/pupper_interfaces/cmake/export_pupper_interfaces__rosidl_generator_pyExport.cmake
-- Installing: /home/ubuntu/ros2_ws/src/pupper_interfaces/install/pupper_interfaces/share/pupper_interfaces/cmake/export_pupper_interfaces__rosidl_generator_pyExport-noconfig.cmake
-- Installing: /home/ubuntu/ros2_ws/src/pupper_interfaces/install/pupper_interfaces/share/pupper_interfaces/cmake/rosidl_cmake-extras.cmake
-- Installing: /home/ubuntu/ros2_ws/src/pupper_interfaces/install/pupper_interfaces/share/pupper_interfaces/cmake/ament_cmake_export_dependencies-extras.cmake
-- Installing: /home/ubuntu/ros2_ws/src/pupper_interfaces/install/pupper_interfaces/share/pupper_interfaces/cmake/ament_cmake_export_include_directories-extras.cmake
-- Installing: /home/ubuntu/ros2_ws/src/pupper_interfaces/install/pupper_interfaces/share/pupper_interfaces/cmake/ament_cmake_export_libraries-extras.cmake
-- Installing: /home/ubuntu/ros2_ws/src/pupper_interfaces/install/pupper_interfaces/share/pupper_interfaces/cmake/ament_cmake_export_targets-extras.cmake
-- Installing: /home/ubuntu/ros2_ws/src/pupper_interfaces/install/pupper_interfaces/share/pupper_interfaces/cmake/rosidl_cmake_export_typesupport_targets-extras.cmake
-- Installing: /home/ubuntu/ros2_ws/src/pupper_interfaces/install/pupper_interfaces/share/pupper_interfaces/cmake/rosidl_cmake_export_typesupport_libraries-extras.cmake
-- Installing: /home/ubuntu/ros2_ws/src/pupper_interfaces/install/pupper_interfaces/share/pupper_interfaces/cmake/pupper_interfacesConfig.cmake
-- Installing: /home/ubuntu/ros2_ws/src/pupper_interfaces/install/pupper_interfaces/share/pupper_interfaces/cmake/pupper_interfacesConfig-version.cmake
-- Installing: /home/ubuntu/ros2_ws/src/pupper_interfaces/install/pupper_interfaces/share/pupper_interfaces/package.xml
