[0.880s] DEBUG:colcon:Command line arguments: ['/usr/bin/colcon', 'build', '--packages-select', 'speaker_manager']
[0.881s] DEBUG:colcon:Parsed command line arguments: Namespace(log_base=None, log_level=None, verb_name='build', build_base='build', install_base='install', merge_install=False, symlink_install=False, test_result_base=None, continue_on_error=False, executor='parallel', parallel_workers=4, event_handlers=None, ignore_user_meta=False, metas=['./colcon.meta'], base_paths=['.'], packages_ignore=None, packages_ignore_regex=None, paths=None, packages_up_to=None, packages_up_to_regex=None, packages_above=None, packages_above_and_dependencies=None, packages_above_depth=None, packages_select_by_dep=None, packages_skip_by_dep=None, packages_skip_up_to=None, packages_select_build_failed=False, packages_skip_build_finished=False, packages_select_test_failures=False, packages_skip_test_passed=False, packages_select=['speaker_manager'], packages_skip=None, packages_select_regex=None, packages_skip_regex=None, packages_start=None, packages_end=None, allow_overriding=[], cmake_args=None, cmake_target=None, cmake_target_skip_unavailable=False, cmake_clean_cache=False, cmake_clean_first=False, cmake_force_configure=False, ament_cmake_args=None, catkin_cmake_args=None, catkin_skip_building_tests=False, verb_parser=<colcon_defaults.argument_parser.defaults.DefaultArgumentsDecorator object at 0xffff9563ba00>, verb_extension=<colcon_core.verb.build.BuildVerb object at 0xffff955f6230>, main=<bound method BuildVerb.main of <colcon_core.verb.build.BuildVerb object at 0xffff955f6230>>)
[2.401s] Level 1:colcon.colcon_core.package_discovery:discover_packages(colcon_meta) check parameters
[2.402s] Level 1:colcon.colcon_core.package_discovery:discover_packages(recursive) check parameters
[2.402s] Level 1:colcon.colcon_core.package_discovery:discover_packages(ignore) check parameters
[2.402s] Level 1:colcon.colcon_core.package_discovery:discover_packages(path) check parameters
[2.402s] Level 1:colcon.colcon_core.package_discovery:discover_packages(colcon_meta) discover
[2.403s] Level 1:colcon.colcon_core.package_discovery:discover_packages(recursive) discover
[2.403s] INFO:colcon.colcon_core.package_discovery:Crawling recursively for packages in '/home/ubuntu/ros2_ws/src/speaker_manager/speaker_manager'
[2.404s] Level 1:colcon.colcon_core.package_identification:_identify(.) by extensions ['ignore', 'ignore_ament_install']
[2.404s] Level 1:colcon.colcon_core.package_identification:_identify(.) by extension 'ignore'
[2.405s] Level 1:colcon.colcon_core.package_identification:_identify(.) by extension 'ignore_ament_install'
[2.405s] Level 1:colcon.colcon_core.package_identification:_identify(.) by extensions ['colcon_pkg']
[2.405s] Level 1:colcon.colcon_core.package_identification:_identify(.) by extension 'colcon_pkg'
[2.405s] Level 1:colcon.colcon_core.package_identification:_identify(.) by extensions ['colcon_meta']
[2.406s] Level 1:colcon.colcon_core.package_identification:_identify(.) by extension 'colcon_meta'
[2.406s] Level 1:colcon.colcon_core.package_identification:_identify(.) by extensions ['ros']
[2.406s] Level 1:colcon.colcon_core.package_identification:_identify(.) by extension 'ros'
[2.468s] Level 1:colcon.colcon_core.package_identification:_identify(.) by extensions ['cmake', 'python']
[2.468s] Level 1:colcon.colcon_core.package_identification:_identify(.) by extension 'cmake'
[2.468s] Level 1:colcon.colcon_core.package_identification:_identify(.) by extension 'python'
[2.469s] Level 1:colcon.colcon_core.package_identification:_identify(.) by extensions ['python_setup_py']
[2.469s] Level 1:colcon.colcon_core.package_identification:_identify(.) by extension 'python_setup_py'
[2.470s] Level 1:colcon.colcon_core.package_identification:_identify(build) by extensions ['ignore', 'ignore_ament_install']
[2.470s] Level 1:colcon.colcon_core.package_identification:_identify(build) by extension 'ignore'
[2.470s] Level 1:colcon.colcon_core.package_identification:_identify(build) ignored
[2.471s] Level 1:colcon.colcon_core.package_identification:_identify(install) by extensions ['ignore', 'ignore_ament_install']
[2.472s] Level 1:colcon.colcon_core.package_identification:_identify(install) by extension 'ignore'
[2.472s] Level 1:colcon.colcon_core.package_identification:_identify(install) ignored
[2.473s] Level 1:colcon.colcon_core.package_identification:_identify(log) by extensions ['ignore', 'ignore_ament_install']
[2.473s] Level 1:colcon.colcon_core.package_identification:_identify(log) by extension 'ignore'
[2.473s] Level 1:colcon.colcon_core.package_identification:_identify(log) ignored
[2.473s] Level 1:colcon.colcon_core.package_discovery:discover_packages(recursive) using defaults
[2.474s] Level 1:colcon.colcon_core.package_discovery:discover_packages(ignore) discover
[2.474s] Level 1:colcon.colcon_core.package_discovery:discover_packages(ignore) using defaults
[2.474s] Level 1:colcon.colcon_core.package_discovery:discover_packages(path) discover
[2.474s] Level 1:colcon.colcon_core.package_discovery:discover_packages(path) using defaults
[2.475s] WARNING:colcon.colcon_core.package_selection:ignoring unknown package 'speaker_manager' in --packages-select
[2.595s] Level 1:colcon.colcon_core.package_discovery:discover_packages(prefix_path) check parameters
[2.595s] Level 1:colcon.colcon_core.package_discovery:discover_packages(prefix_path) discover
[2.623s] DEBUG:colcon.colcon_installed_package_information.package_discovery:Found 28 installed packages in /home/ubuntu/ros2_ws/install
[2.627s] DEBUG:colcon.colcon_installed_package_information.package_discovery:Found 5 installed packages in /home/ubuntu/install
[2.642s] DEBUG:colcon.colcon_installed_package_information.package_discovery:Found 302 installed packages in /opt/ros/humble
[2.652s] Level 1:colcon.colcon_core.package_discovery:discover_packages(prefix_path) using defaults
[2.922s] INFO:colcon.colcon_core.executor:Executing jobs using 'parallel' executor
[2.927s] DEBUG:colcon.colcon_parallel_executor.executor.parallel:run_until_complete
[2.927s] DEBUG:colcon.colcon_parallel_executor.executor.parallel:closing loop
[2.928s] DEBUG:colcon.colcon_parallel_executor.executor.parallel:loop closed
[2.928s] DEBUG:colcon.colcon_parallel_executor.executor.parallel:run_until_complete finished with '0'
[2.928s] DEBUG:colcon.colcon_core.event_reactor:joining thread
[2.955s] INFO:colcon.colcon_core.plugin_system:Skipping extension 'colcon_notification.desktop_notification.terminal_notifier': Not used on non-Darwin systems
[2.955s] INFO:colcon.colcon_core.plugin_system:Skipping extension 'colcon_notification.desktop_notification.win32': Not used on non-Windows systems
[2.956s] INFO:colcon.colcon_notification.desktop_notification:Sending desktop notification using 'notify2'
[2.962s] DEBUG:colcon.colcon_notification.desktop_notification.notify2:Failed to initialize notify2: org.freedesktop.DBus.Error.ServiceUnknown: The name org.freedesktop.Notifications was not provided by any .service files
[2.962s] DEBUG:colcon.colcon_core.event_reactor:joined thread
[2.975s] INFO:colcon.colcon_core.plugin_system:Skipping extension 'colcon_core.shell.bat': Not used on non-Windows systems
[2.976s] INFO:colcon.colcon_core.shell:Creating prefix script '/home/ubuntu/ros2_ws/src/speaker_manager/speaker_manager/install/local_setup.ps1'
[2.980s] INFO:colcon.colcon_core.shell:Creating prefix util module '/home/ubuntu/ros2_ws/src/speaker_manager/speaker_manager/install/_local_setup_util_ps1.py'
[2.986s] INFO:colcon.colcon_core.shell:Creating prefix chain script '/home/ubuntu/ros2_ws/src/speaker_manager/speaker_manager/install/setup.ps1'
[3.000s] INFO:colcon.colcon_core.shell:Creating prefix script '/home/ubuntu/ros2_ws/src/speaker_manager/speaker_manager/install/local_setup.sh'
[3.002s] INFO:colcon.colcon_core.shell:Creating prefix util module '/home/ubuntu/ros2_ws/src/speaker_manager/speaker_manager/install/_local_setup_util_sh.py'
[3.005s] INFO:colcon.colcon_core.shell:Creating prefix chain script '/home/ubuntu/ros2_ws/src/speaker_manager/speaker_manager/install/setup.sh'
[3.019s] INFO:colcon.colcon_core.shell:Creating prefix script '/home/ubuntu/ros2_ws/src/speaker_manager/speaker_manager/install/local_setup.bash'
[3.021s] INFO:colcon.colcon_core.shell:Creating prefix chain script '/home/ubuntu/ros2_ws/src/speaker_manager/speaker_manager/install/setup.bash'
[3.035s] INFO:colcon.colcon_core.shell:Creating prefix script '/home/ubuntu/ros2_ws/src/speaker_manager/speaker_manager/install/local_setup.zsh'
[3.038s] INFO:colcon.colcon_core.shell:Creating prefix chain script '/home/ubuntu/ros2_ws/src/speaker_manager/speaker_manager/install/setup.zsh'
