[1.412s] DEBUG:colcon:Command line arguments: ['/usr/bin/colcon', 'build', '--packages-select', 'speaker_manager']
[1.413s] DEBUG:colcon:Parsed command line arguments: Namespace(log_base=None, log_level=None, verb_name='build', build_base='build', install_base='install', merge_install=False, symlink_install=False, test_result_base=None, continue_on_error=False, executor='parallel', parallel_workers=4, event_handlers=None, ignore_user_meta=False, metas=['./colcon.meta'], base_paths=['.'], packages_ignore=None, packages_ignore_regex=None, paths=None, packages_up_to=None, packages_up_to_regex=None, packages_above=None, packages_above_and_dependencies=None, packages_above_depth=None, packages_select_by_dep=None, packages_skip_by_dep=None, packages_skip_up_to=None, packages_select_build_failed=False, packages_skip_build_finished=False, packages_select_test_failures=False, packages_skip_test_passed=False, packages_select=['speaker_manager'], packages_skip=None, packages_select_regex=None, packages_skip_regex=None, packages_start=None, packages_end=None, allow_overriding=[], cmake_args=None, cmake_target=None, cmake_target_skip_unavailable=False, cmake_clean_cache=False, cmake_clean_first=False, cmake_force_configure=False, ament_cmake_args=None, catkin_cmake_args=None, catkin_skip_building_tests=False, verb_parser=<colcon_defaults.argument_parser.defaults.DefaultArgumentsDecorator object at 0xffff9f6db9d0>, verb_extension=<colcon_core.verb.build.BuildVerb object at 0xffff9f696200>, main=<bound method BuildVerb.main of <colcon_core.verb.build.BuildVerb object at 0xffff9f696200>>)
[3.662s] Level 1:colcon.colcon_core.package_discovery:discover_packages(colcon_meta) check parameters
[3.665s] Level 1:colcon.colcon_core.package_discovery:discover_packages(recursive) check parameters
[3.665s] Level 1:colcon.colcon_core.package_discovery:discover_packages(ignore) check parameters
[3.666s] Level 1:colcon.colcon_core.package_discovery:discover_packages(path) check parameters
[3.666s] Level 1:colcon.colcon_core.package_discovery:discover_packages(colcon_meta) discover
[3.666s] Level 1:colcon.colcon_core.package_discovery:discover_packages(recursive) discover
[3.667s] INFO:colcon.colcon_core.package_discovery:Crawling recursively for packages in '/home/ubuntu/ros2_ws/src/speaker_manager'
[3.669s] Level 1:colcon.colcon_core.package_identification:_identify(.) by extensions ['ignore', 'ignore_ament_install']
[3.671s] Level 1:colcon.colcon_core.package_identification:_identify(.) by extension 'ignore'
[3.673s] Level 1:colcon.colcon_core.package_identification:_identify(.) by extension 'ignore_ament_install'
[3.674s] Level 1:colcon.colcon_core.package_identification:_identify(.) by extensions ['colcon_pkg']
[3.675s] Level 1:colcon.colcon_core.package_identification:_identify(.) by extension 'colcon_pkg'
[3.675s] Level 1:colcon.colcon_core.package_identification:_identify(.) by extensions ['colcon_meta']
[3.676s] Level 1:colcon.colcon_core.package_identification:_identify(.) by extension 'colcon_meta'
[3.678s] Level 1:colcon.colcon_core.package_identification:_identify(.) by extensions ['ros']
[3.681s] Level 1:colcon.colcon_core.package_identification:_identify(.) by extension 'ros'
[3.784s] DEBUG:colcon.colcon_core.package_identification:Package '.' with type 'ros.ament_python' and name 'speaker_manager'
[3.785s] Level 1:colcon.colcon_core.package_discovery:discover_packages(recursive) using defaults
[3.785s] Level 1:colcon.colcon_core.package_discovery:discover_packages(ignore) discover
[3.785s] Level 1:colcon.colcon_core.package_discovery:discover_packages(ignore) using defaults
[3.785s] Level 1:colcon.colcon_core.package_discovery:discover_packages(path) discover
[3.785s] Level 1:colcon.colcon_core.package_discovery:discover_packages(path) using defaults
[3.976s] Level 1:colcon.colcon_core.package_discovery:discover_packages(prefix_path) check parameters
[3.977s] Level 1:colcon.colcon_core.package_discovery:discover_packages(prefix_path) discover
[4.012s] DEBUG:colcon.colcon_installed_package_information.package_discovery:Found 28 installed packages in /home/ubuntu/ros2_ws/install
[4.019s] DEBUG:colcon.colcon_installed_package_information.package_discovery:Found 5 installed packages in /home/ubuntu/install
[4.045s] DEBUG:colcon.colcon_installed_package_information.package_discovery:Found 302 installed packages in /opt/ros/humble
[4.062s] Level 1:colcon.colcon_core.package_discovery:discover_packages(prefix_path) using defaults
[4.503s] Level 5:colcon.colcon_core.verb:set package 'speaker_manager' build argument 'cmake_args' from command line to 'None'
[4.503s] Level 5:colcon.colcon_core.verb:set package 'speaker_manager' build argument 'cmake_target' from command line to 'None'
[4.503s] Level 5:colcon.colcon_core.verb:set package 'speaker_manager' build argument 'cmake_target_skip_unavailable' from command line to 'False'
[4.504s] Level 5:colcon.colcon_core.verb:set package 'speaker_manager' build argument 'cmake_clean_cache' from command line to 'False'
[4.504s] Level 5:colcon.colcon_core.verb:set package 'speaker_manager' build argument 'cmake_clean_first' from command line to 'False'
[4.504s] Level 5:colcon.colcon_core.verb:set package 'speaker_manager' build argument 'cmake_force_configure' from command line to 'False'
[4.504s] Level 5:colcon.colcon_core.verb:set package 'speaker_manager' build argument 'ament_cmake_args' from command line to 'None'
[4.505s] Level 5:colcon.colcon_core.verb:set package 'speaker_manager' build argument 'catkin_cmake_args' from command line to 'None'
[4.505s] Level 5:colcon.colcon_core.verb:set package 'speaker_manager' build argument 'catkin_skip_building_tests' from command line to 'False'
[4.505s] DEBUG:colcon.colcon_core.verb:Building package 'speaker_manager' with the following arguments: {'ament_cmake_args': None, 'build_base': '/home/ubuntu/ros2_ws/src/speaker_manager/build/speaker_manager', 'catkin_cmake_args': None, 'catkin_skip_building_tests': False, 'cmake_args': None, 'cmake_clean_cache': False, 'cmake_clean_first': False, 'cmake_force_configure': False, 'cmake_target': None, 'cmake_target_skip_unavailable': False, 'install_base': '/home/ubuntu/ros2_ws/src/speaker_manager/install/speaker_manager', 'merge_install': False, 'path': '/home/ubuntu/ros2_ws/src/speaker_manager', 'symlink_install': False, 'test_result_base': None}
[4.507s] INFO:colcon.colcon_core.executor:Executing jobs using 'parallel' executor
[4.511s] DEBUG:colcon.colcon_parallel_executor.executor.parallel:run_until_complete
[4.513s] INFO:colcon.colcon_ros.task.ament_python.build:Building ROS package in '/home/ubuntu/ros2_ws/src/speaker_manager' with build type 'ament_python'
[4.514s] Level 1:colcon.colcon_core.shell:create_environment_hook('speaker_manager', 'ament_prefix_path')
[4.529s] INFO:colcon.colcon_core.plugin_system:Skipping extension 'colcon_core.shell.bat': Not used on non-Windows systems
[4.530s] INFO:colcon.colcon_core.shell:Creating environment hook '/home/ubuntu/ros2_ws/src/speaker_manager/install/speaker_manager/share/speaker_manager/hook/ament_prefix_path.ps1'
[4.532s] INFO:colcon.colcon_core.shell:Creating environment descriptor '/home/ubuntu/ros2_ws/src/speaker_manager/install/speaker_manager/share/speaker_manager/hook/ament_prefix_path.dsv'
[4.535s] INFO:colcon.colcon_core.shell:Creating environment hook '/home/ubuntu/ros2_ws/src/speaker_manager/install/speaker_manager/share/speaker_manager/hook/ament_prefix_path.sh'
[4.538s] INFO:colcon.colcon_core.shell:Skip shell extension 'powershell' for command environment: Not usable outside of PowerShell
[4.539s] DEBUG:colcon.colcon_core.shell:Skip shell extension 'dsv' for command environment
[7.156s] WARNING:colcon.colcon_ros.task.ament_python.build:Package 'speaker_manager' doesn't explicitly install a marker in the package index (colcon-ros currently does it implicitly but that fallback will be removed in the future)
[7.158s] INFO:colcon.colcon_core.task.python.build:Building Python package in '/home/ubuntu/ros2_ws/src/speaker_manager'
[7.159s] INFO:colcon.colcon_core.shell:Skip shell extension 'powershell' for command environment: Not usable outside of PowerShell
[7.159s] DEBUG:colcon.colcon_core.shell:Skip shell extension 'dsv' for command environment
[10.621s] DEBUG:colcon.colcon_core.event_handler.log_command:Invoking command in '/home/ubuntu/ros2_ws/src/speaker_manager': PYTHONPATH=/home/ubuntu/ros2_ws/src/speaker_manager/build/speaker_manager/prefix_override:/home/ubuntu/ros2_ws/src/speaker_manager/install/speaker_manager/lib/python3.10/site-packages:${PYTHONPATH} /usr/bin/python3 -W ignore:setup.py install is deprecated setup.py egg_info --egg-base build/speaker_manager build --build-base /home/ubuntu/ros2_ws/src/speaker_manager/build/speaker_manager/build install --record /home/ubuntu/ros2_ws/src/speaker_manager/build/speaker_manager/install.log --single-version-externally-managed install_data
[13.376s] DEBUG:colcon.colcon_core.event_handler.log_command:Invoked command in '/home/ubuntu/ros2_ws/src/speaker_manager' returned '0': PYTHONPATH=/home/ubuntu/ros2_ws/src/speaker_manager/build/speaker_manager/prefix_override:/home/ubuntu/ros2_ws/src/speaker_manager/install/speaker_manager/lib/python3.10/site-packages:${PYTHONPATH} /usr/bin/python3 -W ignore:setup.py install is deprecated setup.py egg_info --egg-base build/speaker_manager build --build-base /home/ubuntu/ros2_ws/src/speaker_manager/build/speaker_manager/build install --record /home/ubuntu/ros2_ws/src/speaker_manager/build/speaker_manager/install.log --single-version-externally-managed install_data
[13.399s] Level 1:colcon.colcon_core.environment:checking '/home/ubuntu/ros2_ws/src/speaker_manager/install/speaker_manager' for CMake module files
[13.402s] Level 1:colcon.colcon_core.environment:checking '/home/ubuntu/ros2_ws/src/speaker_manager/install/speaker_manager' for CMake config files
[13.408s] Level 1:colcon.colcon_core.environment:checking '/home/ubuntu/ros2_ws/src/speaker_manager/install/speaker_manager/lib'
[13.409s] Level 1:colcon.colcon_core.environment:checking '/home/ubuntu/ros2_ws/src/speaker_manager/install/speaker_manager/bin'
[13.410s] Level 1:colcon.colcon_core.environment:checking '/home/ubuntu/ros2_ws/src/speaker_manager/install/speaker_manager/lib/pkgconfig/speaker_manager.pc'
[13.411s] Level 1:colcon.colcon_core.environment:checking '/home/ubuntu/ros2_ws/src/speaker_manager/install/speaker_manager/lib/python3.10/site-packages'
[13.411s] Level 1:colcon.colcon_core.shell:create_environment_hook('speaker_manager', 'pythonpath')
[13.413s] INFO:colcon.colcon_core.shell:Creating environment hook '/home/ubuntu/ros2_ws/src/speaker_manager/install/speaker_manager/share/speaker_manager/hook/pythonpath.ps1'
[13.415s] INFO:colcon.colcon_core.shell:Creating environment descriptor '/home/ubuntu/ros2_ws/src/speaker_manager/install/speaker_manager/share/speaker_manager/hook/pythonpath.dsv'
[13.417s] INFO:colcon.colcon_core.shell:Creating environment hook '/home/ubuntu/ros2_ws/src/speaker_manager/install/speaker_manager/share/speaker_manager/hook/pythonpath.sh'
[13.421s] Level 1:colcon.colcon_core.environment:checking '/home/ubuntu/ros2_ws/src/speaker_manager/install/speaker_manager/bin'
[13.422s] Level 1:colcon.colcon_core.environment:create_environment_scripts_only(speaker_manager)
[13.424s] INFO:colcon.colcon_core.shell:Creating package script '/home/ubuntu/ros2_ws/src/speaker_manager/install/speaker_manager/share/speaker_manager/package.ps1'
[13.428s] INFO:colcon.colcon_core.shell:Creating package descriptor '/home/ubuntu/ros2_ws/src/speaker_manager/install/speaker_manager/share/speaker_manager/package.dsv'
[13.431s] INFO:colcon.colcon_core.shell:Creating package script '/home/ubuntu/ros2_ws/src/speaker_manager/install/speaker_manager/share/speaker_manager/package.sh'
[13.435s] INFO:colcon.colcon_core.shell:Creating package script '/home/ubuntu/ros2_ws/src/speaker_manager/install/speaker_manager/share/speaker_manager/package.bash'
[13.439s] INFO:colcon.colcon_core.shell:Creating package script '/home/ubuntu/ros2_ws/src/speaker_manager/install/speaker_manager/share/speaker_manager/package.zsh'
[13.444s] Level 1:colcon.colcon_core.environment:create_file_with_runtime_dependencies(/home/ubuntu/ros2_ws/src/speaker_manager/install/speaker_manager/share/colcon-core/packages/speaker_manager)
[13.448s] DEBUG:colcon.colcon_parallel_executor.executor.parallel:closing loop
[13.450s] DEBUG:colcon.colcon_parallel_executor.executor.parallel:loop closed
[13.451s] DEBUG:colcon.colcon_parallel_executor.executor.parallel:run_until_complete finished with '0'
[13.451s] DEBUG:colcon.colcon_core.event_reactor:joining thread
[13.505s] INFO:colcon.colcon_core.plugin_system:Skipping extension 'colcon_notification.desktop_notification.terminal_notifier': Not used on non-Darwin systems
[13.506s] INFO:colcon.colcon_core.plugin_system:Skipping extension 'colcon_notification.desktop_notification.win32': Not used on non-Windows systems
[13.507s] INFO:colcon.colcon_notification.desktop_notification:Sending desktop notification using 'notify2'
[13.516s] DEBUG:colcon.colcon_notification.desktop_notification.notify2:Failed to initialize notify2: org.freedesktop.DBus.Error.ServiceUnknown: The name org.freedesktop.Notifications was not provided by any .service files
[13.517s] DEBUG:colcon.colcon_core.event_reactor:joined thread
[13.519s] INFO:colcon.colcon_core.shell:Creating prefix script '/home/ubuntu/ros2_ws/src/speaker_manager/install/local_setup.ps1'
[13.525s] INFO:colcon.colcon_core.shell:Creating prefix util module '/home/ubuntu/ros2_ws/src/speaker_manager/install/_local_setup_util_ps1.py'
[13.536s] INFO:colcon.colcon_core.shell:Creating prefix chain script '/home/ubuntu/ros2_ws/src/speaker_manager/install/setup.ps1'
[13.570s] INFO:colcon.colcon_core.shell:Creating prefix script '/home/ubuntu/ros2_ws/src/speaker_manager/install/local_setup.sh'
[13.574s] INFO:colcon.colcon_core.shell:Creating prefix util module '/home/ubuntu/ros2_ws/src/speaker_manager/install/_local_setup_util_sh.py'
[13.578s] INFO:colcon.colcon_core.shell:Creating prefix chain script '/home/ubuntu/ros2_ws/src/speaker_manager/install/setup.sh'
[13.598s] INFO:colcon.colcon_core.shell:Creating prefix script '/home/ubuntu/ros2_ws/src/speaker_manager/install/local_setup.bash'
[13.602s] INFO:colcon.colcon_core.shell:Creating prefix chain script '/home/ubuntu/ros2_ws/src/speaker_manager/install/setup.bash'
[13.624s] INFO:colcon.colcon_core.shell:Creating prefix script '/home/ubuntu/ros2_ws/src/speaker_manager/install/local_setup.zsh'
[13.627s] INFO:colcon.colcon_core.shell:Creating prefix chain script '/home/ubuntu/ros2_ws/src/speaker_manager/install/setup.zsh'
