/home/ubuntu/ros2_ws/src/speaker_manager/install/speaker_manager/lib/python3.10/site-packages/speaker_manager/__init__.py
/home/ubuntu/ros2_ws/src/speaker_manager/install/speaker_manager/lib/python3.10/site-packages/speaker_manager/music_player.py
/home/ubuntu/ros2_ws/src/speaker_manager/install/speaker_manager/lib/python3.10/site-packages/speaker_manager/music_server.py
/home/ubuntu/ros2_ws/src/speaker_manager/install/speaker_manager/lib/python3.10/site-packages/speaker_manager/client_speaker.py
/home/ubuntu/ros2_ws/src/speaker_manager/install/speaker_manager/lib/python3.10/site-packages/speaker_manager/mock_speaker_publisher.py
/home/ubuntu/ros2_ws/src/speaker_manager/install/speaker_manager/lib/python3.10/site-packages/speaker_manager/__pycache__/__init__.cpython-310.pyc
/home/ubuntu/ros2_ws/src/speaker_manager/install/speaker_manager/lib/python3.10/site-packages/speaker_manager/__pycache__/music_player.cpython-310.pyc
/home/ubuntu/ros2_ws/src/speaker_manager/install/speaker_manager/lib/python3.10/site-packages/speaker_manager/__pycache__/music_server.cpython-310.pyc
/home/ubuntu/ros2_ws/src/speaker_manager/install/speaker_manager/lib/python3.10/site-packages/speaker_manager/__pycache__/client_speaker.cpython-310.pyc
/home/ubuntu/ros2_ws/src/speaker_manager/install/speaker_manager/lib/python3.10/site-packages/speaker_manager/__pycache__/mock_speaker_publisher.cpython-310.pyc
/home/ubuntu/ros2_ws/src/speaker_manager/install/speaker_manager/share/ament_index/resource_index/packages/speaker_manager
/home/ubuntu/ros2_ws/src/speaker_manager/install/speaker_manager/share/speaker_manager/package.xml
/home/ubuntu/ros2_ws/src/speaker_manager/install/speaker_manager/share/speaker_manager/resource/growl.wav
/home/ubuntu/ros2_ws/src/speaker_manager/install/speaker_manager/share/speaker_manager/resource/robot1.wav
/home/ubuntu/ros2_ws/src/speaker_manager/install/speaker_manager/share/speaker_manager/resource/bark.wav
/home/ubuntu/ros2_ws/src/speaker_manager/install/speaker_manager/share/speaker_manager/resource/robot1.mp3
/home/ubuntu/ros2_ws/src/speaker_manager/install/speaker_manager/share/speaker_manager/resource/speaker_manager
/home/ubuntu/ros2_ws/src/speaker_manager/install/speaker_manager/share/speaker_manager/audio
/home/ubuntu/ros2_ws/src/speaker_manager/install/speaker_manager/share/speaker_manager/music.launch.py
/home/ubuntu/ros2_ws/src/speaker_manager/install/speaker_manager/lib/python3.10/site-packages/speaker_manager-0.0.0-py3.10.egg-info/SOURCES.txt
/home/ubuntu/ros2_ws/src/speaker_manager/install/speaker_manager/lib/python3.10/site-packages/speaker_manager-0.0.0-py3.10.egg-info/dependency_links.txt
/home/ubuntu/ros2_ws/src/speaker_manager/install/speaker_manager/lib/python3.10/site-packages/speaker_manager-0.0.0-py3.10.egg-info/PKG-INFO
/home/ubuntu/ros2_ws/src/speaker_manager/install/speaker_manager/lib/python3.10/site-packages/speaker_manager-0.0.0-py3.10.egg-info/requires.txt
/home/ubuntu/ros2_ws/src/speaker_manager/install/speaker_manager/lib/python3.10/site-packages/speaker_manager-0.0.0-py3.10.egg-info/entry_points.txt
/home/ubuntu/ros2_ws/src/speaker_manager/install/speaker_manager/lib/python3.10/site-packages/speaker_manager-0.0.0-py3.10.egg-info/zip-safe
/home/ubuntu/ros2_ws/src/speaker_manager/install/speaker_manager/lib/python3.10/site-packages/speaker_manager-0.0.0-py3.10.egg-info/top_level.txt
/home/ubuntu/ros2_ws/src/speaker_manager/install/speaker_manager/lib/speaker_manager/client
/home/ubuntu/ros2_ws/src/speaker_manager/install/speaker_manager/lib/speaker_manager/music_server
/home/ubuntu/ros2_ws/src/speaker_manager/install/speaker_manager/lib/speaker_manager/service
