running egg_info
writing build/speaker_manager/speaker_manager.egg-info/PKG-INFO
writing dependency_links to build/speaker_manager/speaker_manager.egg-info/dependency_links.txt
writing entry points to build/speaker_manager/speaker_manager.egg-info/entry_points.txt
writing requirements to build/speaker_manager/speaker_manager.egg-info/requires.txt
writing top-level names to build/speaker_manager/speaker_manager.egg-info/top_level.txt
reading manifest file 'build/speaker_manager/speaker_manager.egg-info/SOURCES.txt'
writing manifest file 'build/speaker_manager/speaker_manager.egg-info/SOURCES.txt'
running build
running build_py
running install
running install_lib
running install_data
running install_egg_info
removing '/home/ubuntu/ros2_ws/src/speaker_manager/install/speaker_manager/lib/python3.10/site-packages/speaker_manager-0.0.0-py3.10.egg-info' (and everything under it)
Copying build/speaker_manager/speaker_manager.egg-info to /home/ubuntu/ros2_ws/src/speaker_manager/install/speaker_manager/lib/python3.10/site-packages/speaker_manager-0.0.0-py3.10.egg-info
running install_scripts
Installing client script to /home/ubuntu/ros2_ws/src/speaker_manager/install/speaker_manager/lib/speaker_manager
Installing music_server script to /home/ubuntu/ros2_ws/src/speaker_manager/install/speaker_manager/lib/speaker_manager
Installing service script to /home/ubuntu/ros2_ws/src/speaker_manager/install/speaker_manager/lib/speaker_manager
writing list of installed files to '/home/ubuntu/ros2_ws/src/speaker_manager/build/speaker_manager/install.log'
