[1.235s] DEBUG:colcon:Command line arguments: ['/usr/bin/colcon', 'build', '--packages-select', 'speaker_manager']
[1.235s] DEBUG:colcon:Parsed command line arguments: Namespace(log_base=None, log_level=None, verb_name='build', build_base='build', install_base='install', merge_install=False, symlink_install=False, test_result_base=None, continue_on_error=False, executor='parallel', parallel_workers=4, event_handlers=None, ignore_user_meta=False, metas=['./colcon.meta'], base_paths=['.'], packages_ignore=None, packages_ignore_regex=None, paths=None, packages_up_to=None, packages_up_to_regex=None, packages_above=None, packages_above_and_dependencies=None, packages_above_depth=None, packages_select_by_dep=None, packages_skip_by_dep=None, packages_skip_up_to=None, packages_select_build_failed=False, packages_skip_build_finished=False, packages_select_test_failures=False, packages_skip_test_passed=False, packages_select=['speaker_manager'], packages_skip=None, packages_select_regex=None, packages_skip_regex=None, packages_start=None, packages_end=None, allow_overriding=[], cmake_args=None, cmake_target=None, cmake_target_skip_unavailable=False, cmake_clean_cache=False, cmake_clean_first=False, cmake_force_configure=False, ament_cmake_args=None, catkin_cmake_args=None, catkin_skip_building_tests=False, verb_parser=<colcon_defaults.argument_parser.defaults.DefaultArgumentsDecorator object at 0xffffa37cb9d0>, verb_extension=<colcon_core.verb.build.BuildVerb object at 0xffffa3786200>, main=<bound method BuildVerb.main of <colcon_core.verb.build.BuildVerb object at 0xffffa3786200>>)
[3.278s] Level 1:colcon.colcon_core.package_discovery:discover_packages(colcon_meta) check parameters
[3.279s] Level 1:colcon.colcon_core.package_discovery:discover_packages(recursive) check parameters
[3.279s] Level 1:colcon.colcon_core.package_discovery:discover_packages(ignore) check parameters
[3.280s] Level 1:colcon.colcon_core.package_discovery:discover_packages(path) check parameters
[3.280s] Level 1:colcon.colcon_core.package_discovery:discover_packages(colcon_meta) discover
[3.280s] Level 1:colcon.colcon_core.package_discovery:discover_packages(recursive) discover
[3.280s] INFO:colcon.colcon_core.package_discovery:Crawling recursively for packages in '/home/ubuntu/ros2_ws/src/speaker_manager'
[3.281s] Level 1:colcon.colcon_core.package_identification:_identify(.) by extensions ['ignore', 'ignore_ament_install']
[3.282s] Level 1:colcon.colcon_core.package_identification:_identify(.) by extension 'ignore'
[3.282s] Level 1:colcon.colcon_core.package_identification:_identify(.) by extension 'ignore_ament_install'
[3.283s] Level 1:colcon.colcon_core.package_identification:_identify(.) by extensions ['colcon_pkg']
[3.283s] Level 1:colcon.colcon_core.package_identification:_identify(.) by extension 'colcon_pkg'
[3.283s] Level 1:colcon.colcon_core.package_identification:_identify(.) by extensions ['colcon_meta']
[3.284s] Level 1:colcon.colcon_core.package_identification:_identify(.) by extension 'colcon_meta'
[3.284s] Level 1:colcon.colcon_core.package_identification:_identify(.) by extensions ['ros']
[3.284s] Level 1:colcon.colcon_core.package_identification:_identify(.) by extension 'ros'
[3.370s] DEBUG:colcon.colcon_core.package_identification:Package '.' with type 'ros.ament_python' and name 'speaker_manager'
[3.370s] Level 1:colcon.colcon_core.package_discovery:discover_packages(recursive) using defaults
[3.371s] Level 1:colcon.colcon_core.package_discovery:discover_packages(ignore) discover
[3.371s] Level 1:colcon.colcon_core.package_discovery:discover_packages(ignore) using defaults
[3.371s] Level 1:colcon.colcon_core.package_discovery:discover_packages(path) discover
[3.372s] Level 1:colcon.colcon_core.package_discovery:discover_packages(path) using defaults
[3.511s] Level 1:colcon.colcon_core.package_discovery:discover_packages(prefix_path) check parameters
[3.512s] Level 1:colcon.colcon_core.package_discovery:discover_packages(prefix_path) discover
[3.567s] DEBUG:colcon.colcon_installed_package_information.package_discovery:Found 28 installed packages in /home/ubuntu/ros2_ws/install
[3.579s] DEBUG:colcon.colcon_installed_package_information.package_discovery:Found 5 installed packages in /home/ubuntu/install
[3.598s] DEBUG:colcon.colcon_installed_package_information.package_discovery:Found 302 installed packages in /opt/ros/humble
[3.611s] Level 1:colcon.colcon_core.package_discovery:discover_packages(prefix_path) using defaults
[3.993s] Level 5:colcon.colcon_core.verb:set package 'speaker_manager' build argument 'cmake_args' from command line to 'None'
[3.993s] Level 5:colcon.colcon_core.verb:set package 'speaker_manager' build argument 'cmake_target' from command line to 'None'
[3.994s] Level 5:colcon.colcon_core.verb:set package 'speaker_manager' build argument 'cmake_target_skip_unavailable' from command line to 'False'
[3.994s] Level 5:colcon.colcon_core.verb:set package 'speaker_manager' build argument 'cmake_clean_cache' from command line to 'False'
[3.994s] Level 5:colcon.colcon_core.verb:set package 'speaker_manager' build argument 'cmake_clean_first' from command line to 'False'
[3.994s] Level 5:colcon.colcon_core.verb:set package 'speaker_manager' build argument 'cmake_force_configure' from command line to 'False'
[3.994s] Level 5:colcon.colcon_core.verb:set package 'speaker_manager' build argument 'ament_cmake_args' from command line to 'None'
[3.995s] Level 5:colcon.colcon_core.verb:set package 'speaker_manager' build argument 'catkin_cmake_args' from command line to 'None'
[3.995s] Level 5:colcon.colcon_core.verb:set package 'speaker_manager' build argument 'catkin_skip_building_tests' from command line to 'False'
[3.995s] DEBUG:colcon.colcon_core.verb:Building package 'speaker_manager' with the following arguments: {'ament_cmake_args': None, 'build_base': '/home/ubuntu/ros2_ws/src/speaker_manager/build/speaker_manager', 'catkin_cmake_args': None, 'catkin_skip_building_tests': False, 'cmake_args': None, 'cmake_clean_cache': False, 'cmake_clean_first': False, 'cmake_force_configure': False, 'cmake_target': None, 'cmake_target_skip_unavailable': False, 'install_base': '/home/ubuntu/ros2_ws/src/speaker_manager/install/speaker_manager', 'merge_install': False, 'path': '/home/ubuntu/ros2_ws/src/speaker_manager', 'symlink_install': False, 'test_result_base': None}
[3.996s] INFO:colcon.colcon_core.executor:Executing jobs using 'parallel' executor
[4.001s] DEBUG:colcon.colcon_parallel_executor.executor.parallel:run_until_complete
[4.002s] INFO:colcon.colcon_ros.task.ament_python.build:Building ROS package in '/home/ubuntu/ros2_ws/src/speaker_manager' with build type 'ament_python'
[4.003s] Level 1:colcon.colcon_core.shell:create_environment_hook('speaker_manager', 'ament_prefix_path')
[4.035s] INFO:colcon.colcon_core.plugin_system:Skipping extension 'colcon_core.shell.bat': Not used on non-Windows systems
[4.036s] INFO:colcon.colcon_core.shell:Creating environment hook '/home/ubuntu/ros2_ws/src/speaker_manager/install/speaker_manager/share/speaker_manager/hook/ament_prefix_path.ps1'
[4.040s] INFO:colcon.colcon_core.shell:Creating environment descriptor '/home/ubuntu/ros2_ws/src/speaker_manager/install/speaker_manager/share/speaker_manager/hook/ament_prefix_path.dsv'
[4.043s] INFO:colcon.colcon_core.shell:Creating environment hook '/home/ubuntu/ros2_ws/src/speaker_manager/install/speaker_manager/share/speaker_manager/hook/ament_prefix_path.sh'
[4.047s] INFO:colcon.colcon_core.shell:Skip shell extension 'powershell' for command environment: Not usable outside of PowerShell
[4.047s] DEBUG:colcon.colcon_core.shell:Skip shell extension 'dsv' for command environment
[6.893s] WARNING:colcon.colcon_ros.task.ament_python.build:Package 'speaker_manager' doesn't explicitly install a marker in the package index (colcon-ros currently does it implicitly but that fallback will be removed in the future)
[6.894s] INFO:colcon.colcon_core.task.python.build:Building Python package in '/home/ubuntu/ros2_ws/src/speaker_manager'
[6.896s] INFO:colcon.colcon_core.shell:Skip shell extension 'powershell' for command environment: Not usable outside of PowerShell
[6.896s] DEBUG:colcon.colcon_core.shell:Skip shell extension 'dsv' for command environment
[11.236s] DEBUG:colcon.colcon_core.event_handler.log_command:Invoking command in '/home/ubuntu/ros2_ws/src/speaker_manager': PYTHONPATH=/home/ubuntu/ros2_ws/src/speaker_manager/build/speaker_manager/prefix_override:/home/ubuntu/ros2_ws/src/speaker_manager/install/speaker_manager/lib/python3.10/site-packages:${PYTHONPATH} /usr/bin/python3 -W ignore:setup.py install is deprecated setup.py egg_info --egg-base build/speaker_manager build --build-base /home/ubuntu/ros2_ws/src/speaker_manager/build/speaker_manager/build install --record /home/ubuntu/ros2_ws/src/speaker_manager/build/speaker_manager/install.log --single-version-externally-managed install_data
[14.587s] DEBUG:colcon.colcon_core.event_handler.log_command:Invoked command in '/home/ubuntu/ros2_ws/src/speaker_manager' returned '0': PYTHONPATH=/home/ubuntu/ros2_ws/src/speaker_manager/build/speaker_manager/prefix_override:/home/ubuntu/ros2_ws/src/speaker_manager/install/speaker_manager/lib/python3.10/site-packages:${PYTHONPATH} /usr/bin/python3 -W ignore:setup.py install is deprecated setup.py egg_info --egg-base build/speaker_manager build --build-base /home/ubuntu/ros2_ws/src/speaker_manager/build/speaker_manager/build install --record /home/ubuntu/ros2_ws/src/speaker_manager/build/speaker_manager/install.log --single-version-externally-managed install_data
[14.625s] Level 1:colcon.colcon_core.environment:checking '/home/ubuntu/ros2_ws/src/speaker_manager/install/speaker_manager' for CMake module files
[14.664s] Level 1:colcon.colcon_core.environment:checking '/home/ubuntu/ros2_ws/src/speaker_manager/install/speaker_manager' for CMake config files
[14.700s] Level 1:colcon.colcon_core.environment:checking '/home/ubuntu/ros2_ws/src/speaker_manager/install/speaker_manager/lib'
[14.702s] Level 1:colcon.colcon_core.environment:checking '/home/ubuntu/ros2_ws/src/speaker_manager/install/speaker_manager/bin'
[14.702s] Level 1:colcon.colcon_core.environment:checking '/home/ubuntu/ros2_ws/src/speaker_manager/install/speaker_manager/lib/pkgconfig/speaker_manager.pc'
[14.704s] Level 1:colcon.colcon_core.environment:checking '/home/ubuntu/ros2_ws/src/speaker_manager/install/speaker_manager/lib/python3.10/site-packages'
[14.704s] Level 1:colcon.colcon_core.shell:create_environment_hook('speaker_manager', 'pythonpath')
[14.707s] INFO:colcon.colcon_core.shell:Creating environment hook '/home/ubuntu/ros2_ws/src/speaker_manager/install/speaker_manager/share/speaker_manager/hook/pythonpath.ps1'
[14.716s] INFO:colcon.colcon_core.shell:Creating environment descriptor '/home/ubuntu/ros2_ws/src/speaker_manager/install/speaker_manager/share/speaker_manager/hook/pythonpath.dsv'
[14.719s] INFO:colcon.colcon_core.shell:Creating environment hook '/home/ubuntu/ros2_ws/src/speaker_manager/install/speaker_manager/share/speaker_manager/hook/pythonpath.sh'
[14.722s] Level 1:colcon.colcon_core.environment:checking '/home/ubuntu/ros2_ws/src/speaker_manager/install/speaker_manager/bin'
[14.724s] Level 1:colcon.colcon_core.environment:create_environment_scripts_only(speaker_manager)
[14.731s] INFO:colcon.colcon_core.shell:Creating package script '/home/ubuntu/ros2_ws/src/speaker_manager/install/speaker_manager/share/speaker_manager/package.ps1'
[14.736s] INFO:colcon.colcon_core.shell:Creating package descriptor '/home/ubuntu/ros2_ws/src/speaker_manager/install/speaker_manager/share/speaker_manager/package.dsv'
[14.740s] INFO:colcon.colcon_core.shell:Creating package script '/home/ubuntu/ros2_ws/src/speaker_manager/install/speaker_manager/share/speaker_manager/package.sh'
[14.743s] INFO:colcon.colcon_core.shell:Creating package script '/home/ubuntu/ros2_ws/src/speaker_manager/install/speaker_manager/share/speaker_manager/package.bash'
[14.747s] INFO:colcon.colcon_core.shell:Creating package script '/home/ubuntu/ros2_ws/src/speaker_manager/install/speaker_manager/share/speaker_manager/package.zsh'
[14.756s] Level 1:colcon.colcon_core.environment:create_file_with_runtime_dependencies(/home/ubuntu/ros2_ws/src/speaker_manager/install/speaker_manager/share/colcon-core/packages/speaker_manager)
[14.763s] DEBUG:colcon.colcon_parallel_executor.executor.parallel:closing loop
[14.767s] DEBUG:colcon.colcon_parallel_executor.executor.parallel:loop closed
[14.769s] DEBUG:colcon.colcon_parallel_executor.executor.parallel:run_until_complete finished with '0'
[14.770s] DEBUG:colcon.colcon_core.event_reactor:joining thread
[14.809s] INFO:colcon.colcon_core.plugin_system:Skipping extension 'colcon_notification.desktop_notification.terminal_notifier': Not used on non-Darwin systems
[14.809s] INFO:colcon.colcon_core.plugin_system:Skipping extension 'colcon_notification.desktop_notification.win32': Not used on non-Windows systems
[14.809s] INFO:colcon.colcon_notification.desktop_notification:Sending desktop notification using 'notify2'
[14.816s] DEBUG:colcon.colcon_notification.desktop_notification.notify2:Failed to initialize notify2: org.freedesktop.DBus.Error.ServiceUnknown: The name org.freedesktop.Notifications was not provided by any .service files
[14.816s] DEBUG:colcon.colcon_core.event_reactor:joined thread
[14.817s] INFO:colcon.colcon_core.shell:Creating prefix script '/home/ubuntu/ros2_ws/src/speaker_manager/install/local_setup.ps1'
[14.821s] INFO:colcon.colcon_core.shell:Creating prefix util module '/home/ubuntu/ros2_ws/src/speaker_manager/install/_local_setup_util_ps1.py'
[14.828s] INFO:colcon.colcon_core.shell:Creating prefix chain script '/home/ubuntu/ros2_ws/src/speaker_manager/install/setup.ps1'
[14.843s] INFO:colcon.colcon_core.shell:Creating prefix script '/home/ubuntu/ros2_ws/src/speaker_manager/install/local_setup.sh'
[14.846s] INFO:colcon.colcon_core.shell:Creating prefix util module '/home/ubuntu/ros2_ws/src/speaker_manager/install/_local_setup_util_sh.py'
[14.848s] INFO:colcon.colcon_core.shell:Creating prefix chain script '/home/ubuntu/ros2_ws/src/speaker_manager/install/setup.sh'
[14.881s] INFO:colcon.colcon_core.shell:Creating prefix script '/home/ubuntu/ros2_ws/src/speaker_manager/install/local_setup.bash'
[14.886s] INFO:colcon.colcon_core.shell:Creating prefix chain script '/home/ubuntu/ros2_ws/src/speaker_manager/install/setup.bash'
[14.904s] INFO:colcon.colcon_core.shell:Creating prefix script '/home/ubuntu/ros2_ws/src/speaker_manager/install/local_setup.zsh'
[14.907s] INFO:colcon.colcon_core.shell:Creating prefix chain script '/home/ubuntu/ros2_ws/src/speaker_manager/install/setup.zsh'
