[1.696s] DEBUG:colcon:Command line arguments: ['/usr/bin/colcon', 'build', '--packages-select', 'pupper_interfaces']
[1.696s] DEBUG:colcon:Parsed command line arguments: Namespace(log_base=None, log_level=None, verb_name='build', build_base='build', install_base='install', merge_install=False, symlink_install=False, test_result_base=None, continue_on_error=False, executor='parallel', parallel_workers=4, event_handlers=None, ignore_user_meta=False, metas=['./colcon.meta'], base_paths=['.'], packages_ignore=None, packages_ignore_regex=None, paths=None, packages_up_to=None, packages_up_to_regex=None, packages_above=None, packages_above_and_dependencies=None, packages_above_depth=None, packages_select_by_dep=None, packages_skip_by_dep=None, packages_skip_up_to=None, packages_select_build_failed=False, packages_skip_build_finished=False, packages_select_test_failures=False, packages_skip_test_passed=False, packages_select=['pupper_interfaces'], packages_skip=None, packages_select_regex=None, packages_skip_regex=None, packages_start=None, packages_end=None, allow_overriding=[], cmake_args=None, cmake_target=None, cmake_target_skip_unavailable=False, cmake_clean_cache=False, cmake_clean_first=False, cmake_force_configure=False, ament_cmake_args=None, catkin_cmake_args=None, catkin_skip_building_tests=False, verb_parser=<colcon_defaults.argument_parser.defaults.DefaultArgumentsDecorator object at 0xffff8499e4d0>, verb_extension=<colcon_core.verb.build.BuildVerb object at 0xffff84954d00>, main=<bound method BuildVerb.main of <colcon_core.verb.build.BuildVerb object at 0xffff84954d00>>)
[3.335s] Level 1:colcon.colcon_core.package_discovery:discover_packages(colcon_meta) check parameters
[3.336s] Level 1:colcon.colcon_core.package_discovery:discover_packages(recursive) check parameters
[3.336s] Level 1:colcon.colcon_core.package_discovery:discover_packages(ignore) check parameters
[3.336s] Level 1:colcon.colcon_core.package_discovery:discover_packages(path) check parameters
[3.336s] Level 1:colcon.colcon_core.package_discovery:discover_packages(colcon_meta) discover
[3.337s] Level 1:colcon.colcon_core.package_discovery:discover_packages(recursive) discover
[3.337s] INFO:colcon.colcon_core.package_discovery:Crawling recursively for packages in '/home/ubuntu/ros2_ws/src/go_pupper_srv/go_pupper_srv'
[3.337s] Level 1:colcon.colcon_core.package_identification:_identify(.) by extensions ['ignore', 'ignore_ament_install']
[3.338s] Level 1:colcon.colcon_core.package_identification:_identify(.) by extension 'ignore'
[3.338s] Level 1:colcon.colcon_core.package_identification:_identify(.) by extension 'ignore_ament_install'
[3.338s] Level 1:colcon.colcon_core.package_identification:_identify(.) by extensions ['colcon_pkg']
[3.339s] Level 1:colcon.colcon_core.package_identification:_identify(.) by extension 'colcon_pkg'
[3.339s] Level 1:colcon.colcon_core.package_identification:_identify(.) by extensions ['colcon_meta']
[3.339s] Level 1:colcon.colcon_core.package_identification:_identify(.) by extension 'colcon_meta'
[3.339s] Level 1:colcon.colcon_core.package_identification:_identify(.) by extensions ['ros']
[3.339s] Level 1:colcon.colcon_core.package_identification:_identify(.) by extension 'ros'
[3.454s] Level 1:colcon.colcon_core.package_identification:_identify(.) by extensions ['cmake', 'python']
[3.454s] Level 1:colcon.colcon_core.package_identification:_identify(.) by extension 'cmake'
[3.455s] Level 1:colcon.colcon_core.package_identification:_identify(.) by extension 'python'
[3.455s] Level 1:colcon.colcon_core.package_identification:_identify(.) by extensions ['python_setup_py']
[3.455s] Level 1:colcon.colcon_core.package_identification:_identify(.) by extension 'python_setup_py'
[3.456s] Level 1:colcon.colcon_core.package_identification:_identify(build) by extensions ['ignore', 'ignore_ament_install']
[3.456s] Level 1:colcon.colcon_core.package_identification:_identify(build) by extension 'ignore'
[3.456s] Level 1:colcon.colcon_core.package_identification:_identify(build) ignored
[3.457s] Level 1:colcon.colcon_core.package_identification:_identify(install) by extensions ['ignore', 'ignore_ament_install']
[3.458s] Level 1:colcon.colcon_core.package_identification:_identify(install) by extension 'ignore'
[3.458s] Level 1:colcon.colcon_core.package_identification:_identify(install) ignored
[3.459s] Level 1:colcon.colcon_core.package_identification:_identify(log) by extensions ['ignore', 'ignore_ament_install']
[3.459s] Level 1:colcon.colcon_core.package_identification:_identify(log) by extension 'ignore'
[3.459s] Level 1:colcon.colcon_core.package_identification:_identify(log) ignored
[3.459s] Level 1:colcon.colcon_core.package_discovery:discover_packages(recursive) using defaults
[3.460s] Level 1:colcon.colcon_core.package_discovery:discover_packages(ignore) discover
[3.460s] Level 1:colcon.colcon_core.package_discovery:discover_packages(ignore) using defaults
[3.460s] Level 1:colcon.colcon_core.package_discovery:discover_packages(path) discover
[3.460s] Level 1:colcon.colcon_core.package_discovery:discover_packages(path) using defaults
[3.461s] WARNING:colcon.colcon_core.package_selection:ignoring unknown package 'pupper_interfaces' in --packages-select
[3.604s] Level 1:colcon.colcon_core.package_discovery:discover_packages(prefix_path) check parameters
[3.604s] Level 1:colcon.colcon_core.package_discovery:discover_packages(prefix_path) discover
[3.649s] DEBUG:colcon.colcon_installed_package_information.package_discovery:Found 19 installed packages in /home/ubuntu/ros2_ws/install
[3.663s] DEBUG:colcon.colcon_installed_package_information.package_discovery:Found 275 installed packages in /opt/ros/humble
[3.670s] Level 1:colcon.colcon_core.package_discovery:discover_packages(prefix_path) using defaults
[4.115s] INFO:colcon.colcon_core.executor:Executing jobs using 'parallel' executor
[4.119s] DEBUG:colcon.colcon_parallel_executor.executor.parallel:run_until_complete
[4.120s] DEBUG:colcon.colcon_parallel_executor.executor.parallel:closing loop
[4.120s] DEBUG:colcon.colcon_parallel_executor.executor.parallel:loop closed
[4.120s] DEBUG:colcon.colcon_parallel_executor.executor.parallel:run_until_complete finished with '0'
[4.120s] DEBUG:colcon.colcon_core.event_reactor:joining thread
[4.183s] INFO:colcon.colcon_core.plugin_system:Skipping extension 'colcon_notification.desktop_notification.terminal_notifier': Not used on non-Darwin systems
[4.183s] INFO:colcon.colcon_core.plugin_system:Skipping extension 'colcon_notification.desktop_notification.win32': Not used on non-Windows systems
[4.184s] INFO:colcon.colcon_notification.desktop_notification:Sending desktop notification using 'notify2'
[4.377s] DEBUG:colcon.colcon_core.event_reactor:joined thread
[4.455s] INFO:colcon.colcon_core.plugin_system:Skipping extension 'colcon_core.shell.bat': Not used on non-Windows systems
[4.456s] INFO:colcon.colcon_core.shell:Creating prefix script '/home/ubuntu/ros2_ws/src/go_pupper_srv/go_pupper_srv/install/local_setup.ps1'
[4.472s] INFO:colcon.colcon_core.shell:Creating prefix util module '/home/ubuntu/ros2_ws/src/go_pupper_srv/go_pupper_srv/install/_local_setup_util_ps1.py'
[4.484s] INFO:colcon.colcon_core.shell:Creating prefix chain script '/home/ubuntu/ros2_ws/src/go_pupper_srv/go_pupper_srv/install/setup.ps1'
[4.502s] INFO:colcon.colcon_core.shell:Creating prefix script '/home/ubuntu/ros2_ws/src/go_pupper_srv/go_pupper_srv/install/local_setup.sh'
[4.513s] INFO:colcon.colcon_core.shell:Creating prefix util module '/home/ubuntu/ros2_ws/src/go_pupper_srv/go_pupper_srv/install/_local_setup_util_sh.py'
[4.516s] INFO:colcon.colcon_core.shell:Creating prefix chain script '/home/ubuntu/ros2_ws/src/go_pupper_srv/go_pupper_srv/install/setup.sh'
[4.534s] INFO:colcon.colcon_core.shell:Creating prefix script '/home/ubuntu/ros2_ws/src/go_pupper_srv/go_pupper_srv/install/local_setup.bash'
[4.541s] INFO:colcon.colcon_core.shell:Creating prefix chain script '/home/ubuntu/ros2_ws/src/go_pupper_srv/go_pupper_srv/install/setup.bash'
[4.558s] INFO:colcon.colcon_core.shell:Creating prefix script '/home/ubuntu/ros2_ws/src/go_pupper_srv/go_pupper_srv/install/local_setup.zsh'
[4.633s] INFO:colcon.colcon_core.shell:Creating prefix chain script '/home/ubuntu/ros2_ws/src/go_pupper_srv/go_pupper_srv/install/setup.zsh'
